<testsuites name="jest tests">
  <testsuite name="Advice reducer" tests="13" errors="0" failures="0" skipped="0" timestamp="2017-10-07T17:22:42" time="6.32">
    <testcase classname="Advice reducer undefined action should handle initial state" name="Advice reducer undefined action should handle initial state" time="0.011">
    </testcase>
    <testcase classname="Advice reducer ADD_ADVICE should add an advice" name="Advice reducer ADD_ADVICE should add an advice" time="0.003">
    </testcase>
    <testcase classname="Advice reducer UPDATE_ADVICE should do nothing if no advice selected" name="Advice reducer UPDATE_ADVICE should do nothing if no advice selected" time="0.002">
    </testcase>
    <testcase classname="Advice reducer SELECT_ADVICE should set a selectedId" name="Advice reducer SELECT_ADVICE should set a selectedId" time="0.001">
    </testcase>
    <testcase classname="Advice reducer REMOVE_ADVICE should remove an advice that is selected" name="Advice reducer REMOVE_ADVICE should remove an advice that is selected" time="0.001">
    </testcase>
    <testcase classname="Advice reducer REMOVE_ADVICE should remove an advice" name="Advice reducer REMOVE_ADVICE should remove an advice" time="0.002">
    </testcase>
    <testcase classname="Advice reducer SET_INSURANCE should set an insurance as selected" name="Advice reducer SET_INSURANCE should set an insurance as selected" time="0.004">
    </testcase>
    <testcase classname="Advice reducer REMOVE_INSURANCE should set selectedInsurance as null" name="Advice reducer REMOVE_INSURANCE should set selectedInsurance as null" time="0.001">
    </testcase>
    <testcase classname="Advice reducer Selections getAdvice should return the advice" name="Advice reducer Selections getAdvice should return the advice" time="0.001">
    </testcase>
    <testcase classname="Advice reducer Selections getIds should return all advice ids" name="Advice reducer Selections getIds should return all advice ids" time="0.001">
    </testcase>
    <testcase classname="Advice reducer Selections getSelectedId should return the selected advice id" name="Advice reducer Selections getSelectedId should return the selected advice id" time="0.001">
    </testcase>
    <testcase classname="Advice reducer Selections getSelected should return the selected advice" name="Advice reducer Selections getSelected should return the selected advice" time="0.001">
    </testcase>
    <testcase classname="Advice reducer Selections getSelectedInsurance should return the selected insurance" name="Advice reducer Selections getSelectedInsurance should return the selected insurance" time="0.001">
    </testcase>
  </testsuite>
  <testsuite name="CarProposalHelper" tests="3" errors="0" failures="0" skipped="0" timestamp="2017-10-07T17:22:42" time="6.642">
    <testcase classname="CarProposalHelper should convert final questions to request format" name="CarProposalHelper should convert final questions to request format" time="0.036">
    </testcase>
    <testcase classname="CarProposalHelper should convert basic questions to request format" name="CarProposalHelper should convert basic questions to request format" time="0.009">
    </testcase>
    <testcase classname="CarProposalHelper should get the dutch boolean anwer with comment" name="CarProposalHelper should get the dutch boolean anwer with comment" time="0.003">
    </testcase>
  </testsuite>
  <testsuite name="Custom Validators" tests="31" errors="0" failures="0" skipped="0" timestamp="2017-10-07T17:22:49" time="0.884">
    <testcase classname="Custom Validators maxNumberValidator should return error obj on value bigger than max" name="Custom Validators maxNumberValidator should return error obj on value bigger than max" time="0.004">
    </testcase>
    <testcase classname="Custom Validators maxNumberValidator should return null on valid value" name="Custom Validators maxNumberValidator should return null on valid value" time="0.002">
    </testcase>
    <testcase classname="Custom Validators maxNumberValidator should return null on max value" name="Custom Validators maxNumberValidator should return null on max value" time="0.001">
    </testcase>
    <testcase classname="Custom Validators minNumberValidator should return error obj on value smaller than min" name="Custom Validators minNumberValidator should return error obj on value smaller than min" time="0.001">
    </testcase>
    <testcase classname="Custom Validators minNumberValidator should return null on valid value" name="Custom Validators minNumberValidator should return null on valid value" time="0.002">
    </testcase>
    <testcase classname="Custom Validators minNumberValidator should return null on min value" name="Custom Validators minNumberValidator should return null on min value" time="0.001">
    </testcase>
    <testcase classname="Custom Validators numberValidator should return error on string value" name="Custom Validators numberValidator should return error on string value" time="0.001">
    </testcase>
    <testcase classname="Custom Validators numberValidator should return error on special chars" name="Custom Validators numberValidator should return error on special chars" time="0.001">
    </testcase>
    <testcase classname="Custom Validators numberValidator should return error on floating point" name="Custom Validators numberValidator should return error on floating point" time="0.003">
    </testcase>
    <testcase classname="Custom Validators numberValidator should return error on negative number" name="Custom Validators numberValidator should return error on negative number" time="0">
    </testcase>
    <testcase classname="Custom Validators numberValidator should return null on number" name="Custom Validators numberValidator should return null on number" time="0.001">
    </testcase>
    <testcase classname="Custom Validators dateValidator should return error on string value" name="Custom Validators dateValidator should return error on string value" time="0.002">
    </testcase>
    <testcase classname="Custom Validators dateValidator should return error on number value" name="Custom Validators dateValidator should return error on number value" time="0.002">
    </testcase>
    <testcase classname="Custom Validators dateValidator should return null on date value" name="Custom Validators dateValidator should return null on date value" time="0.001">
    </testcase>
    <testcase classname="Custom Validators futureDateValidator should return error on string value" name="Custom Validators futureDateValidator should return error on string value" time="0.003">
    </testcase>
    <testcase classname="Custom Validators futureDateValidator should return error on number value" name="Custom Validators futureDateValidator should return error on number value" time="0.002">
    </testcase>
    <testcase classname="Custom Validators futureDateValidator should return null on future date value" name="Custom Validators futureDateValidator should return null on future date value" time="0.003">
    </testcase>
    <testcase classname="Custom Validators futureDateValidator should return error on past date value" name="Custom Validators futureDateValidator should return error on past date value" time="0.001">
    </testcase>
    <testcase classname="Custom Validators maxDateValidator should return error on string value" name="Custom Validators maxDateValidator should return error on string value" time="0.002">
    </testcase>
    <testcase classname="Custom Validators maxDateValidator should return error on number value" name="Custom Validators maxDateValidator should return error on number value" time="0.003">
    </testcase>
    <testcase classname="Custom Validators maxDateValidator should return null on date value in max limit" name="Custom Validators maxDateValidator should return null on date value in max limit" time="0.003">
    </testcase>
    <testcase classname="Custom Validators maxDateValidator should return error on date value past max limit" name="Custom Validators maxDateValidator should return error on date value past max limit" time="0.001">
    </testcase>
    <testcase classname="Custom Validators birthDateValidator should return error on string value" name="Custom Validators birthDateValidator should return error on string value" time="0.001">
    </testcase>
    <testcase classname="Custom Validators birthDateValidator should return error on number value" name="Custom Validators birthDateValidator should return error on number value" time="0.001">
    </testcase>
    <testcase classname="Custom Validators birthDateValidator should return error on invalid date value" name="Custom Validators birthDateValidator should return error on invalid date value" time="0.001">
    </testcase>
    <testcase classname="Custom Validators birthDateValidator should return null on date value" name="Custom Validators birthDateValidator should return null on date value" time="0.001">
    </testcase>
    <testcase classname="Custom Validators regExValidator should return error on unmatched value (email)" name="Custom Validators regExValidator should return error on unmatched value (email)" time="0.001">
    </testcase>
    <testcase classname="Custom Validators regExValidator should return null on matched value (email)" name="Custom Validators regExValidator should return null on matched value (email)" time="0.001">
    </testcase>
    <testcase classname="Custom Validators phoneNumberValidator should return error on string value" name="Custom Validators phoneNumberValidator should return error on string value" time="0.001">
    </testcase>
    <testcase classname="Custom Validators phoneNumberValidator should return null on short number value" name="Custom Validators phoneNumberValidator should return null on short number value" time="0">
    </testcase>
    <testcase classname="Custom Validators phoneNumberValidator should return null on phone value" name="Custom Validators phoneNumberValidator should return null on phone value" time="0.01">
    </testcase>
  </testsuite>
  <testsuite name="ProfileEffects" tests="10" errors="0" failures="10" skipped="0" timestamp="2017-10-07T17:22:50" time="2.786">
    <testcase classname="ProfileEffects LOAD_PROFILE_REQUEST should return profile status" name="ProfileEffects LOAD_PROFILE_REQUEST should return profile status" time="0.499">
      <failure>TypeError: jasmine.createSpyObj is not a function
    at /home/thomas/Documents/projects/knab-james-frontend/src/app/profile/effects/profile.spec.ts:26:21
    at ZoneDelegate.Object.&lt;anonymous&gt;.ZoneDelegate.invoke (/home/thomas/Documents/projects/knab-james-frontend/node_modules/zone.js/dist/zone-node.js:392:26)
    at ProxyZoneSpec.Object.&lt;anonymous&gt;.ProxyZoneSpec.onInvoke (/home/thomas/Documents/projects/knab-james-frontend/node_modules/zone.js/dist/proxy.js:79:39)
    at ZoneDelegate.Object.&lt;anonymous&gt;.ZoneDelegate.invoke (/home/thomas/Documents/projects/knab-james-frontend/node_modules/zone.js/dist/zone-node.js:391:32)
    at Zone.Object.&lt;anonymous&gt;.Zone.run (/home/thomas/Documents/projects/knab-james-frontend/node_modules/zone.js/dist/zone-node.js:142:43)
    at Object.testBody.length (/home/thomas/Documents/projects/knab-james-frontend/node_modules/jest-zone-patch/index.js:47:27)
    at Object.asyncFn (/home/thomas/Documents/projects/knab-james-frontend/node_modules/jest-jasmine2/build/jasmine_async.js:124:61)
    at resolve (/home/thomas/Documents/projects/knab-james-frontend/node_modules/jest-jasmine2/build/queue_runner.js:47:12)
    at new ZoneAwarePromise (/home/thomas/Documents/projects/knab-james-frontend/node_modules/zone.js/dist/zone-node.js:861:29)
    at mapper (/home/thomas/Documents/projects/knab-james-frontend/node_modules/jest-jasmine2/build/queue_runner.js:36:499)
    at promise.then (/home/thomas/Documents/projects/knab-james-frontend/node_modules/jest-jasmine2/build/queue_runner.js:75:39)
    at ZoneDelegate.Object.&lt;anonymous&gt;.ZoneDelegate.invoke (/home/thomas/Documents/projects/knab-james-frontend/node_modules/zone.js/dist/zone-node.js:392:26)
    at Zone.Object.&lt;anonymous&gt;.Zone.run (/home/thomas/Documents/projects/knab-james-frontend/node_modules/zone.js/dist/zone-node.js:142:43)
    at /home/thomas/Documents/projects/knab-james-frontend/node_modules/zone.js/dist/zone-node.js:844:57
    at ZoneDelegate.Object.&lt;anonymous&gt;.ZoneDelegate.invokeTask (/home/thomas/Documents/projects/knab-james-frontend/node_modules/zone.js/dist/zone-node.js:425:31)
    at Zone.Object.&lt;anonymous&gt;.Zone.runTask (/home/thomas/Documents/projects/knab-james-frontend/node_modules/zone.js/dist/zone-node.js:192:47)
    at drainMicroTaskQueue (/home/thomas/Documents/projects/knab-james-frontend/node_modules/zone.js/dist/zone-node.js:602:35)
    at process._tickCallback (internal/process/next_tick.js:109:7)</failure>
    </testcase>
    <testcase classname="ProfileEffects LOAD_PROFILE_SUCCESS should return loaded profile" name="ProfileEffects LOAD_PROFILE_SUCCESS should return loaded profile" time="0.021">
      <failure>TypeError: jasmine.createSpyObj is not a function
    at /home/thomas/Documents/projects/knab-james-frontend/src/app/profile/effects/profile.spec.ts:26:21
    at ZoneDelegate.Object.&lt;anonymous&gt;.ZoneDelegate.invoke (/home/thomas/Documents/projects/knab-james-frontend/node_modules/zone.js/dist/zone-node.js:392:26)
    at ProxyZoneSpec.Object.&lt;anonymous&gt;.ProxyZoneSpec.onInvoke (/home/thomas/Documents/projects/knab-james-frontend/node_modules/zone.js/dist/proxy.js:79:39)
    at ZoneDelegate.Object.&lt;anonymous&gt;.ZoneDelegate.invoke (/home/thomas/Documents/projects/knab-james-frontend/node_modules/zone.js/dist/zone-node.js:391:32)
    at Zone.Object.&lt;anonymous&gt;.Zone.run (/home/thomas/Documents/projects/knab-james-frontend/node_modules/zone.js/dist/zone-node.js:142:43)
    at Object.testBody.length (/home/thomas/Documents/projects/knab-james-frontend/node_modules/jest-zone-patch/index.js:47:27)
    at Object.asyncFn (/home/thomas/Documents/projects/knab-james-frontend/node_modules/jest-jasmine2/build/jasmine_async.js:124:61)
    at resolve (/home/thomas/Documents/projects/knab-james-frontend/node_modules/jest-jasmine2/build/queue_runner.js:47:12)
    at new ZoneAwarePromise (/home/thomas/Documents/projects/knab-james-frontend/node_modules/zone.js/dist/zone-node.js:861:29)
    at mapper (/home/thomas/Documents/projects/knab-james-frontend/node_modules/jest-jasmine2/build/queue_runner.js:36:499)
    at promise.then (/home/thomas/Documents/projects/knab-james-frontend/node_modules/jest-jasmine2/build/queue_runner.js:75:39)
    at ZoneDelegate.Object.&lt;anonymous&gt;.ZoneDelegate.invoke (/home/thomas/Documents/projects/knab-james-frontend/node_modules/zone.js/dist/zone-node.js:392:26)
    at Zone.Object.&lt;anonymous&gt;.Zone.run (/home/thomas/Documents/projects/knab-james-frontend/node_modules/zone.js/dist/zone-node.js:142:43)
    at /home/thomas/Documents/projects/knab-james-frontend/node_modules/zone.js/dist/zone-node.js:844:57
    at ZoneDelegate.Object.&lt;anonymous&gt;.ZoneDelegate.invokeTask (/home/thomas/Documents/projects/knab-james-frontend/node_modules/zone.js/dist/zone-node.js:425:31)
    at Zone.Object.&lt;anonymous&gt;.Zone.runTask (/home/thomas/Documents/projects/knab-james-frontend/node_modules/zone.js/dist/zone-node.js:192:47)
    at drainMicroTaskQueue (/home/thomas/Documents/projects/knab-james-frontend/node_modules/zone.js/dist/zone-node.js:602:35)
    at process._tickCallback (internal/process/next_tick.js:109:7)</failure>
      <failure>Error: expect(received).toEqual(expected)

Expected value to equal:
  {&quot;loaded&quot;: true, &quot;loading&quot;: false, &quot;profile&quot;: undefined}
Received:
  {&quot;loaded&quot;: true, &quot;loading&quot;: false, &quot;profile&quot;: {}}

Difference:

- Expected
+ Received

  Object {
    &quot;loaded&quot;: true,
    &quot;loading&quot;: false,
-   &quot;profile&quot;: undefined,
+   &quot;profile&quot;: Object {},
  }
    at /home/thomas/Documents/projects/knab-james-frontend/src/app/profile/effects/profile.spec.ts:125:22
    at ZoneDelegate.Object.&lt;anonymous&gt;.ZoneDelegate.invoke (/home/thomas/Documents/projects/knab-james-frontend/node_modules/zone.js/dist/zone-node.js:392:26)
    at ProxyZoneSpec.Object.&lt;anonymous&gt;.ProxyZoneSpec.onInvoke (/home/thomas/Documents/projects/knab-james-frontend/node_modules/zone.js/dist/proxy.js:79:39)
    at ZoneDelegate.Object.&lt;anonymous&gt;.ZoneDelegate.invoke (/home/thomas/Documents/projects/knab-james-frontend/node_modules/zone.js/dist/zone-node.js:391:32)
    at Zone.Object.&lt;anonymous&gt;.Zone.run (/home/thomas/Documents/projects/knab-james-frontend/node_modules/zone.js/dist/zone-node.js:142:43)
    at Object.testBody.length (/home/thomas/Documents/projects/knab-james-frontend/node_modules/jest-zone-patch/index.js:47:27)
    at Object.asyncFn (/home/thomas/Documents/projects/knab-james-frontend/node_modules/jest-jasmine2/build/jasmine_async.js:126:345)
    at resolve (/home/thomas/Documents/projects/knab-james-frontend/node_modules/jest-jasmine2/build/queue_runner.js:47:12)
    at new ZoneAwarePromise (/home/thomas/Documents/projects/knab-james-frontend/node_modules/zone.js/dist/zone-node.js:861:29)
    at mapper (/home/thomas/Documents/projects/knab-james-frontend/node_modules/jest-jasmine2/build/queue_runner.js:36:499)
    at promise.then (/home/thomas/Documents/projects/knab-james-frontend/node_modules/jest-jasmine2/build/queue_runner.js:75:39)
    at ZoneDelegate.Object.&lt;anonymous&gt;.ZoneDelegate.invoke (/home/thomas/Documents/projects/knab-james-frontend/node_modules/zone.js/dist/zone-node.js:392:26)
    at Zone.Object.&lt;anonymous&gt;.Zone.run (/home/thomas/Documents/projects/knab-james-frontend/node_modules/zone.js/dist/zone-node.js:142:43)
    at /home/thomas/Documents/projects/knab-james-frontend/node_modules/zone.js/dist/zone-node.js:844:57
    at ZoneDelegate.Object.&lt;anonymous&gt;.ZoneDelegate.invokeTask (/home/thomas/Documents/projects/knab-james-frontend/node_modules/zone.js/dist/zone-node.js:425:31)
    at Zone.Object.&lt;anonymous&gt;.Zone.runTask (/home/thomas/Documents/projects/knab-james-frontend/node_modules/zone.js/dist/zone-node.js:192:47)
    at drainMicroTaskQueue (/home/thomas/Documents/projects/knab-james-frontend/node_modules/zone.js/dist/zone-node.js:602:35)
    at process._tickCallback (internal/process/next_tick.js:109:7)</failure>
    </testcase>
    <testcase classname="ProfileEffects LOAD_PROFILE_FAILURE should fail the request" name="ProfileEffects LOAD_PROFILE_FAILURE should fail the request" time="0.003">
      <failure>TypeError: jasmine.createSpyObj is not a function
    at /home/thomas/Documents/projects/knab-james-frontend/src/app/profile/effects/profile.spec.ts:26:21
    at ZoneDelegate.Object.&lt;anonymous&gt;.ZoneDelegate.invoke (/home/thomas/Documents/projects/knab-james-frontend/node_modules/zone.js/dist/zone-node.js:392:26)
    at ProxyZoneSpec.Object.&lt;anonymous&gt;.ProxyZoneSpec.onInvoke (/home/thomas/Documents/projects/knab-james-frontend/node_modules/zone.js/dist/proxy.js:79:39)
    at ZoneDelegate.Object.&lt;anonymous&gt;.ZoneDelegate.invoke (/home/thomas/Documents/projects/knab-james-frontend/node_modules/zone.js/dist/zone-node.js:391:32)
    at Zone.Object.&lt;anonymous&gt;.Zone.run (/home/thomas/Documents/projects/knab-james-frontend/node_modules/zone.js/dist/zone-node.js:142:43)
    at Object.testBody.length (/home/thomas/Documents/projects/knab-james-frontend/node_modules/jest-zone-patch/index.js:47:27)
    at Object.asyncFn (/home/thomas/Documents/projects/knab-james-frontend/node_modules/jest-jasmine2/build/jasmine_async.js:124:61)
    at resolve (/home/thomas/Documents/projects/knab-james-frontend/node_modules/jest-jasmine2/build/queue_runner.js:47:12)
    at new ZoneAwarePromise (/home/thomas/Documents/projects/knab-james-frontend/node_modules/zone.js/dist/zone-node.js:861:29)
    at mapper (/home/thomas/Documents/projects/knab-james-frontend/node_modules/jest-jasmine2/build/queue_runner.js:36:499)
    at promise.then (/home/thomas/Documents/projects/knab-james-frontend/node_modules/jest-jasmine2/build/queue_runner.js:75:39)
    at ZoneDelegate.Object.&lt;anonymous&gt;.ZoneDelegate.invoke (/home/thomas/Documents/projects/knab-james-frontend/node_modules/zone.js/dist/zone-node.js:392:26)
    at Zone.Object.&lt;anonymous&gt;.Zone.run (/home/thomas/Documents/projects/knab-james-frontend/node_modules/zone.js/dist/zone-node.js:142:43)
    at /home/thomas/Documents/projects/knab-james-frontend/node_modules/zone.js/dist/zone-node.js:844:57
    at ZoneDelegate.Object.&lt;anonymous&gt;.ZoneDelegate.invokeTask (/home/thomas/Documents/projects/knab-james-frontend/node_modules/zone.js/dist/zone-node.js:425:31)
    at Zone.Object.&lt;anonymous&gt;.Zone.runTask (/home/thomas/Documents/projects/knab-james-frontend/node_modules/zone.js/dist/zone-node.js:192:47)
    at drainMicroTaskQueue (/home/thomas/Documents/projects/knab-james-frontend/node_modules/zone.js/dist/zone-node.js:602:35)
    at process._tickCallback (internal/process/next_tick.js:109:7)</failure>
    </testcase>
    <testcase classname="ProfileEffects UPDATE_PROFILE should update the profile" name="ProfileEffects UPDATE_PROFILE should update the profile" time="0.006">
      <failure>TypeError: jasmine.createSpyObj is not a function
    at /home/thomas/Documents/projects/knab-james-frontend/src/app/profile/effects/profile.spec.ts:26:21
    at ZoneDelegate.Object.&lt;anonymous&gt;.ZoneDelegate.invoke (/home/thomas/Documents/projects/knab-james-frontend/node_modules/zone.js/dist/zone-node.js:392:26)
    at ProxyZoneSpec.Object.&lt;anonymous&gt;.ProxyZoneSpec.onInvoke (/home/thomas/Documents/projects/knab-james-frontend/node_modules/zone.js/dist/proxy.js:79:39)
    at ZoneDelegate.Object.&lt;anonymous&gt;.ZoneDelegate.invoke (/home/thomas/Documents/projects/knab-james-frontend/node_modules/zone.js/dist/zone-node.js:391:32)
    at Zone.Object.&lt;anonymous&gt;.Zone.run (/home/thomas/Documents/projects/knab-james-frontend/node_modules/zone.js/dist/zone-node.js:142:43)
    at Object.testBody.length (/home/thomas/Documents/projects/knab-james-frontend/node_modules/jest-zone-patch/index.js:47:27)
    at Object.asyncFn (/home/thomas/Documents/projects/knab-james-frontend/node_modules/jest-jasmine2/build/jasmine_async.js:124:61)
    at resolve (/home/thomas/Documents/projects/knab-james-frontend/node_modules/jest-jasmine2/build/queue_runner.js:47:12)
    at new ZoneAwarePromise (/home/thomas/Documents/projects/knab-james-frontend/node_modules/zone.js/dist/zone-node.js:861:29)
    at mapper (/home/thomas/Documents/projects/knab-james-frontend/node_modules/jest-jasmine2/build/queue_runner.js:36:499)
    at promise.then (/home/thomas/Documents/projects/knab-james-frontend/node_modules/jest-jasmine2/build/queue_runner.js:75:39)
    at ZoneDelegate.Object.&lt;anonymous&gt;.ZoneDelegate.invoke (/home/thomas/Documents/projects/knab-james-frontend/node_modules/zone.js/dist/zone-node.js:392:26)
    at Zone.Object.&lt;anonymous&gt;.Zone.run (/home/thomas/Documents/projects/knab-james-frontend/node_modules/zone.js/dist/zone-node.js:142:43)
    at /home/thomas/Documents/projects/knab-james-frontend/node_modules/zone.js/dist/zone-node.js:844:57
    at ZoneDelegate.Object.&lt;anonymous&gt;.ZoneDelegate.invokeTask (/home/thomas/Documents/projects/knab-james-frontend/node_modules/zone.js/dist/zone-node.js:425:31)
    at Zone.Object.&lt;anonymous&gt;.Zone.runTask (/home/thomas/Documents/projects/knab-james-frontend/node_modules/zone.js/dist/zone-node.js:192:47)
    at drainMicroTaskQueue (/home/thomas/Documents/projects/knab-james-frontend/node_modules/zone.js/dist/zone-node.js:602:35)
    at process._tickCallback (internal/process/next_tick.js:109:7)</failure>
      <failure>Error: expect(received).toEqual(expected)

Expected value to equal:
  {&quot;loaded&quot;: false, &quot;loading&quot;: false, &quot;profile&quot;: undefined}
Received:
  {&quot;loaded&quot;: false, &quot;loading&quot;: false, &quot;profile&quot;: {}}

Difference:

- Expected
+ Received

  Object {
    &quot;loaded&quot;: false,
    &quot;loading&quot;: false,
-   &quot;profile&quot;: undefined,
+   &quot;profile&quot;: Object {},
  }
    at /home/thomas/Documents/projects/knab-james-frontend/src/app/profile/effects/profile.spec.ts:155:22
    at ZoneDelegate.Object.&lt;anonymous&gt;.ZoneDelegate.invoke (/home/thomas/Documents/projects/knab-james-frontend/node_modules/zone.js/dist/zone-node.js:392:26)
    at ProxyZoneSpec.Object.&lt;anonymous&gt;.ProxyZoneSpec.onInvoke (/home/thomas/Documents/projects/knab-james-frontend/node_modules/zone.js/dist/proxy.js:79:39)
    at ZoneDelegate.Object.&lt;anonymous&gt;.ZoneDelegate.invoke (/home/thomas/Documents/projects/knab-james-frontend/node_modules/zone.js/dist/zone-node.js:391:32)
    at Zone.Object.&lt;anonymous&gt;.Zone.run (/home/thomas/Documents/projects/knab-james-frontend/node_modules/zone.js/dist/zone-node.js:142:43)
    at Object.testBody.length (/home/thomas/Documents/projects/knab-james-frontend/node_modules/jest-zone-patch/index.js:47:27)
    at Object.asyncFn (/home/thomas/Documents/projects/knab-james-frontend/node_modules/jest-jasmine2/build/jasmine_async.js:126:345)
    at resolve (/home/thomas/Documents/projects/knab-james-frontend/node_modules/jest-jasmine2/build/queue_runner.js:47:12)
    at new ZoneAwarePromise (/home/thomas/Documents/projects/knab-james-frontend/node_modules/zone.js/dist/zone-node.js:861:29)
    at mapper (/home/thomas/Documents/projects/knab-james-frontend/node_modules/jest-jasmine2/build/queue_runner.js:36:499)
    at promise.then (/home/thomas/Documents/projects/knab-james-frontend/node_modules/jest-jasmine2/build/queue_runner.js:75:39)
    at ZoneDelegate.Object.&lt;anonymous&gt;.ZoneDelegate.invoke (/home/thomas/Documents/projects/knab-james-frontend/node_modules/zone.js/dist/zone-node.js:392:26)
    at Zone.Object.&lt;anonymous&gt;.Zone.run (/home/thomas/Documents/projects/knab-james-frontend/node_modules/zone.js/dist/zone-node.js:142:43)
    at /home/thomas/Documents/projects/knab-james-frontend/node_modules/zone.js/dist/zone-node.js:844:57
    at ZoneDelegate.Object.&lt;anonymous&gt;.ZoneDelegate.invokeTask (/home/thomas/Documents/projects/knab-james-frontend/node_modules/zone.js/dist/zone-node.js:425:31)
    at Zone.Object.&lt;anonymous&gt;.Zone.runTask (/home/thomas/Documents/projects/knab-james-frontend/node_modules/zone.js/dist/zone-node.js:192:47)
    at drainMicroTaskQueue (/home/thomas/Documents/projects/knab-james-frontend/node_modules/zone.js/dist/zone-node.js:602:35)
    at process._tickCallback (internal/process/next_tick.js:109:7)</failure>
    </testcase>
    <testcase classname="ProfileEffects SAVE_PROFILE_REQUEST should save profile" name="ProfileEffects SAVE_PROFILE_REQUEST should save profile" time="0.004">
      <failure>TypeError: jasmine.createSpyObj is not a function
    at /home/thomas/Documents/projects/knab-james-frontend/src/app/profile/effects/profile.spec.ts:26:21
    at ZoneDelegate.Object.&lt;anonymous&gt;.ZoneDelegate.invoke (/home/thomas/Documents/projects/knab-james-frontend/node_modules/zone.js/dist/zone-node.js:392:26)
    at ProxyZoneSpec.Object.&lt;anonymous&gt;.ProxyZoneSpec.onInvoke (/home/thomas/Documents/projects/knab-james-frontend/node_modules/zone.js/dist/proxy.js:79:39)
    at ZoneDelegate.Object.&lt;anonymous&gt;.ZoneDelegate.invoke (/home/thomas/Documents/projects/knab-james-frontend/node_modules/zone.js/dist/zone-node.js:391:32)
    at Zone.Object.&lt;anonymous&gt;.Zone.run (/home/thomas/Documents/projects/knab-james-frontend/node_modules/zone.js/dist/zone-node.js:142:43)
    at Object.testBody.length (/home/thomas/Documents/projects/knab-james-frontend/node_modules/jest-zone-patch/index.js:47:27)
    at Object.asyncFn (/home/thomas/Documents/projects/knab-james-frontend/node_modules/jest-jasmine2/build/jasmine_async.js:124:61)
    at resolve (/home/thomas/Documents/projects/knab-james-frontend/node_modules/jest-jasmine2/build/queue_runner.js:47:12)
    at new ZoneAwarePromise (/home/thomas/Documents/projects/knab-james-frontend/node_modules/zone.js/dist/zone-node.js:861:29)
    at mapper (/home/thomas/Documents/projects/knab-james-frontend/node_modules/jest-jasmine2/build/queue_runner.js:36:499)
    at promise.then (/home/thomas/Documents/projects/knab-james-frontend/node_modules/jest-jasmine2/build/queue_runner.js:75:39)
    at ZoneDelegate.Object.&lt;anonymous&gt;.ZoneDelegate.invoke (/home/thomas/Documents/projects/knab-james-frontend/node_modules/zone.js/dist/zone-node.js:392:26)
    at Zone.Object.&lt;anonymous&gt;.Zone.run (/home/thomas/Documents/projects/knab-james-frontend/node_modules/zone.js/dist/zone-node.js:142:43)
    at /home/thomas/Documents/projects/knab-james-frontend/node_modules/zone.js/dist/zone-node.js:844:57
    at ZoneDelegate.Object.&lt;anonymous&gt;.ZoneDelegate.invokeTask (/home/thomas/Documents/projects/knab-james-frontend/node_modules/zone.js/dist/zone-node.js:425:31)
    at Zone.Object.&lt;anonymous&gt;.Zone.runTask (/home/thomas/Documents/projects/knab-james-frontend/node_modules/zone.js/dist/zone-node.js:192:47)
    at drainMicroTaskQueue (/home/thomas/Documents/projects/knab-james-frontend/node_modules/zone.js/dist/zone-node.js:602:35)
    at process._tickCallback (internal/process/next_tick.js:109:7)</failure>
    </testcase>
    <testcase classname="ProfileEffects SAVE_PROFILE_SUCCESS should return saved profile" name="ProfileEffects SAVE_PROFILE_SUCCESS should return saved profile" time="0.006">
      <failure>TypeError: jasmine.createSpyObj is not a function
    at /home/thomas/Documents/projects/knab-james-frontend/src/app/profile/effects/profile.spec.ts:26:21
    at ZoneDelegate.Object.&lt;anonymous&gt;.ZoneDelegate.invoke (/home/thomas/Documents/projects/knab-james-frontend/node_modules/zone.js/dist/zone-node.js:392:26)
    at ProxyZoneSpec.Object.&lt;anonymous&gt;.ProxyZoneSpec.onInvoke (/home/thomas/Documents/projects/knab-james-frontend/node_modules/zone.js/dist/proxy.js:79:39)
    at ZoneDelegate.Object.&lt;anonymous&gt;.ZoneDelegate.invoke (/home/thomas/Documents/projects/knab-james-frontend/node_modules/zone.js/dist/zone-node.js:391:32)
    at Zone.Object.&lt;anonymous&gt;.Zone.run (/home/thomas/Documents/projects/knab-james-frontend/node_modules/zone.js/dist/zone-node.js:142:43)
    at Object.testBody.length (/home/thomas/Documents/projects/knab-james-frontend/node_modules/jest-zone-patch/index.js:47:27)
    at Object.asyncFn (/home/thomas/Documents/projects/knab-james-frontend/node_modules/jest-jasmine2/build/jasmine_async.js:124:61)
    at resolve (/home/thomas/Documents/projects/knab-james-frontend/node_modules/jest-jasmine2/build/queue_runner.js:47:12)
    at new ZoneAwarePromise (/home/thomas/Documents/projects/knab-james-frontend/node_modules/zone.js/dist/zone-node.js:861:29)
    at mapper (/home/thomas/Documents/projects/knab-james-frontend/node_modules/jest-jasmine2/build/queue_runner.js:36:499)
    at promise.then (/home/thomas/Documents/projects/knab-james-frontend/node_modules/jest-jasmine2/build/queue_runner.js:75:39)
    at ZoneDelegate.Object.&lt;anonymous&gt;.ZoneDelegate.invoke (/home/thomas/Documents/projects/knab-james-frontend/node_modules/zone.js/dist/zone-node.js:392:26)
    at Zone.Object.&lt;anonymous&gt;.Zone.run (/home/thomas/Documents/projects/knab-james-frontend/node_modules/zone.js/dist/zone-node.js:142:43)
    at /home/thomas/Documents/projects/knab-james-frontend/node_modules/zone.js/dist/zone-node.js:844:57
    at ZoneDelegate.Object.&lt;anonymous&gt;.ZoneDelegate.invokeTask (/home/thomas/Documents/projects/knab-james-frontend/node_modules/zone.js/dist/zone-node.js:425:31)
    at Zone.Object.&lt;anonymous&gt;.Zone.runTask (/home/thomas/Documents/projects/knab-james-frontend/node_modules/zone.js/dist/zone-node.js:192:47)
    at drainMicroTaskQueue (/home/thomas/Documents/projects/knab-james-frontend/node_modules/zone.js/dist/zone-node.js:602:35)
    at process._tickCallback (internal/process/next_tick.js:109:7)</failure>
      <failure>Error: expect(received).toEqual(expected)

Expected value to equal:
  {&quot;loaded&quot;: true, &quot;loading&quot;: false, &quot;profile&quot;: undefined}
Received:
  {&quot;loaded&quot;: true, &quot;loading&quot;: false, &quot;profile&quot;: {}}

Difference:

- Expected
+ Received

  Object {
    &quot;loaded&quot;: true,
    &quot;loading&quot;: false,
-   &quot;profile&quot;: undefined,
+   &quot;profile&quot;: Object {},
  }
    at /home/thomas/Documents/projects/knab-james-frontend/src/app/profile/effects/profile.spec.ts:185:22
    at ZoneDelegate.Object.&lt;anonymous&gt;.ZoneDelegate.invoke (/home/thomas/Documents/projects/knab-james-frontend/node_modules/zone.js/dist/zone-node.js:392:26)
    at ProxyZoneSpec.Object.&lt;anonymous&gt;.ProxyZoneSpec.onInvoke (/home/thomas/Documents/projects/knab-james-frontend/node_modules/zone.js/dist/proxy.js:79:39)
    at ZoneDelegate.Object.&lt;anonymous&gt;.ZoneDelegate.invoke (/home/thomas/Documents/projects/knab-james-frontend/node_modules/zone.js/dist/zone-node.js:391:32)
    at Zone.Object.&lt;anonymous&gt;.Zone.run (/home/thomas/Documents/projects/knab-james-frontend/node_modules/zone.js/dist/zone-node.js:142:43)
    at Object.testBody.length (/home/thomas/Documents/projects/knab-james-frontend/node_modules/jest-zone-patch/index.js:47:27)
    at Object.asyncFn (/home/thomas/Documents/projects/knab-james-frontend/node_modules/jest-jasmine2/build/jasmine_async.js:126:345)
    at resolve (/home/thomas/Documents/projects/knab-james-frontend/node_modules/jest-jasmine2/build/queue_runner.js:47:12)
    at new ZoneAwarePromise (/home/thomas/Documents/projects/knab-james-frontend/node_modules/zone.js/dist/zone-node.js:861:29)
    at mapper (/home/thomas/Documents/projects/knab-james-frontend/node_modules/jest-jasmine2/build/queue_runner.js:36:499)
    at promise.then (/home/thomas/Documents/projects/knab-james-frontend/node_modules/jest-jasmine2/build/queue_runner.js:75:39)
    at ZoneDelegate.Object.&lt;anonymous&gt;.ZoneDelegate.invoke (/home/thomas/Documents/projects/knab-james-frontend/node_modules/zone.js/dist/zone-node.js:392:26)
    at Zone.Object.&lt;anonymous&gt;.Zone.run (/home/thomas/Documents/projects/knab-james-frontend/node_modules/zone.js/dist/zone-node.js:142:43)
    at /home/thomas/Documents/projects/knab-james-frontend/node_modules/zone.js/dist/zone-node.js:844:57
    at ZoneDelegate.Object.&lt;anonymous&gt;.ZoneDelegate.invokeTask (/home/thomas/Documents/projects/knab-james-frontend/node_modules/zone.js/dist/zone-node.js:425:31)
    at Zone.Object.&lt;anonymous&gt;.Zone.runTask (/home/thomas/Documents/projects/knab-james-frontend/node_modules/zone.js/dist/zone-node.js:192:47)
    at drainMicroTaskQueue (/home/thomas/Documents/projects/knab-james-frontend/node_modules/zone.js/dist/zone-node.js:602:35)
    at process._tickCallback (internal/process/next_tick.js:109:7)</failure>
    </testcase>
    <testcase classname="ProfileEffects SAVE_PROFILE_FAILURE should " name="ProfileEffects SAVE_PROFILE_FAILURE should " time="0.003">
      <failure>TypeError: jasmine.createSpyObj is not a function
    at /home/thomas/Documents/projects/knab-james-frontend/src/app/profile/effects/profile.spec.ts:26:21
    at ZoneDelegate.Object.&lt;anonymous&gt;.ZoneDelegate.invoke (/home/thomas/Documents/projects/knab-james-frontend/node_modules/zone.js/dist/zone-node.js:392:26)
    at ProxyZoneSpec.Object.&lt;anonymous&gt;.ProxyZoneSpec.onInvoke (/home/thomas/Documents/projects/knab-james-frontend/node_modules/zone.js/dist/proxy.js:79:39)
    at ZoneDelegate.Object.&lt;anonymous&gt;.ZoneDelegate.invoke (/home/thomas/Documents/projects/knab-james-frontend/node_modules/zone.js/dist/zone-node.js:391:32)
    at Zone.Object.&lt;anonymous&gt;.Zone.run (/home/thomas/Documents/projects/knab-james-frontend/node_modules/zone.js/dist/zone-node.js:142:43)
    at Object.testBody.length (/home/thomas/Documents/projects/knab-james-frontend/node_modules/jest-zone-patch/index.js:47:27)
    at Object.asyncFn (/home/thomas/Documents/projects/knab-james-frontend/node_modules/jest-jasmine2/build/jasmine_async.js:124:61)
    at resolve (/home/thomas/Documents/projects/knab-james-frontend/node_modules/jest-jasmine2/build/queue_runner.js:47:12)
    at new ZoneAwarePromise (/home/thomas/Documents/projects/knab-james-frontend/node_modules/zone.js/dist/zone-node.js:861:29)
    at mapper (/home/thomas/Documents/projects/knab-james-frontend/node_modules/jest-jasmine2/build/queue_runner.js:36:499)
    at promise.then (/home/thomas/Documents/projects/knab-james-frontend/node_modules/jest-jasmine2/build/queue_runner.js:75:39)
    at ZoneDelegate.Object.&lt;anonymous&gt;.ZoneDelegate.invoke (/home/thomas/Documents/projects/knab-james-frontend/node_modules/zone.js/dist/zone-node.js:392:26)
    at Zone.Object.&lt;anonymous&gt;.Zone.run (/home/thomas/Documents/projects/knab-james-frontend/node_modules/zone.js/dist/zone-node.js:142:43)
    at /home/thomas/Documents/projects/knab-james-frontend/node_modules/zone.js/dist/zone-node.js:844:57
    at ZoneDelegate.Object.&lt;anonymous&gt;.ZoneDelegate.invokeTask (/home/thomas/Documents/projects/knab-james-frontend/node_modules/zone.js/dist/zone-node.js:425:31)
    at Zone.Object.&lt;anonymous&gt;.Zone.runTask (/home/thomas/Documents/projects/knab-james-frontend/node_modules/zone.js/dist/zone-node.js:192:47)
    at drainMicroTaskQueue (/home/thomas/Documents/projects/knab-james-frontend/node_modules/zone.js/dist/zone-node.js:602:35)
    at process._tickCallback (internal/process/next_tick.js:109:7)</failure>
    </testcase>
    <testcase classname="ProfileEffects UPDATE_ADDRESS_REQUEST should " name="ProfileEffects UPDATE_ADDRESS_REQUEST should " time="0.007">
      <failure>TypeError: jasmine.createSpyObj is not a function
    at /home/thomas/Documents/projects/knab-james-frontend/src/app/profile/effects/profile.spec.ts:26:21
    at ZoneDelegate.Object.&lt;anonymous&gt;.ZoneDelegate.invoke (/home/thomas/Documents/projects/knab-james-frontend/node_modules/zone.js/dist/zone-node.js:392:26)
    at ProxyZoneSpec.Object.&lt;anonymous&gt;.ProxyZoneSpec.onInvoke (/home/thomas/Documents/projects/knab-james-frontend/node_modules/zone.js/dist/proxy.js:79:39)
    at ZoneDelegate.Object.&lt;anonymous&gt;.ZoneDelegate.invoke (/home/thomas/Documents/projects/knab-james-frontend/node_modules/zone.js/dist/zone-node.js:391:32)
    at Zone.Object.&lt;anonymous&gt;.Zone.run (/home/thomas/Documents/projects/knab-james-frontend/node_modules/zone.js/dist/zone-node.js:142:43)
    at Object.testBody.length (/home/thomas/Documents/projects/knab-james-frontend/node_modules/jest-zone-patch/index.js:47:27)
    at Object.asyncFn (/home/thomas/Documents/projects/knab-james-frontend/node_modules/jest-jasmine2/build/jasmine_async.js:124:61)
    at resolve (/home/thomas/Documents/projects/knab-james-frontend/node_modules/jest-jasmine2/build/queue_runner.js:47:12)
    at new ZoneAwarePromise (/home/thomas/Documents/projects/knab-james-frontend/node_modules/zone.js/dist/zone-node.js:861:29)
    at mapper (/home/thomas/Documents/projects/knab-james-frontend/node_modules/jest-jasmine2/build/queue_runner.js:36:499)
    at promise.then (/home/thomas/Documents/projects/knab-james-frontend/node_modules/jest-jasmine2/build/queue_runner.js:75:39)
    at ZoneDelegate.Object.&lt;anonymous&gt;.ZoneDelegate.invoke (/home/thomas/Documents/projects/knab-james-frontend/node_modules/zone.js/dist/zone-node.js:392:26)
    at Zone.Object.&lt;anonymous&gt;.Zone.run (/home/thomas/Documents/projects/knab-james-frontend/node_modules/zone.js/dist/zone-node.js:142:43)
    at /home/thomas/Documents/projects/knab-james-frontend/node_modules/zone.js/dist/zone-node.js:844:57
    at ZoneDelegate.Object.&lt;anonymous&gt;.ZoneDelegate.invokeTask (/home/thomas/Documents/projects/knab-james-frontend/node_modules/zone.js/dist/zone-node.js:425:31)
    at Zone.Object.&lt;anonymous&gt;.Zone.runTask (/home/thomas/Documents/projects/knab-james-frontend/node_modules/zone.js/dist/zone-node.js:192:47)
    at drainMicroTaskQueue (/home/thomas/Documents/projects/knab-james-frontend/node_modules/zone.js/dist/zone-node.js:602:35)
    at process._tickCallback (internal/process/next_tick.js:109:7)</failure>
    </testcase>
    <testcase classname="ProfileEffects UPDATE_ADDRESS_SUCCESS should " name="ProfileEffects UPDATE_ADDRESS_SUCCESS should " time="0.008">
      <failure>TypeError: jasmine.createSpyObj is not a function
    at /home/thomas/Documents/projects/knab-james-frontend/src/app/profile/effects/profile.spec.ts:26:21
    at ZoneDelegate.Object.&lt;anonymous&gt;.ZoneDelegate.invoke (/home/thomas/Documents/projects/knab-james-frontend/node_modules/zone.js/dist/zone-node.js:392:26)
    at ProxyZoneSpec.Object.&lt;anonymous&gt;.ProxyZoneSpec.onInvoke (/home/thomas/Documents/projects/knab-james-frontend/node_modules/zone.js/dist/proxy.js:79:39)
    at ZoneDelegate.Object.&lt;anonymous&gt;.ZoneDelegate.invoke (/home/thomas/Documents/projects/knab-james-frontend/node_modules/zone.js/dist/zone-node.js:391:32)
    at Zone.Object.&lt;anonymous&gt;.Zone.run (/home/thomas/Documents/projects/knab-james-frontend/node_modules/zone.js/dist/zone-node.js:142:43)
    at Object.testBody.length (/home/thomas/Documents/projects/knab-james-frontend/node_modules/jest-zone-patch/index.js:47:27)
    at Object.asyncFn (/home/thomas/Documents/projects/knab-james-frontend/node_modules/jest-jasmine2/build/jasmine_async.js:124:61)
    at resolve (/home/thomas/Documents/projects/knab-james-frontend/node_modules/jest-jasmine2/build/queue_runner.js:47:12)
    at new ZoneAwarePromise (/home/thomas/Documents/projects/knab-james-frontend/node_modules/zone.js/dist/zone-node.js:861:29)
    at mapper (/home/thomas/Documents/projects/knab-james-frontend/node_modules/jest-jasmine2/build/queue_runner.js:36:499)
    at promise.then (/home/thomas/Documents/projects/knab-james-frontend/node_modules/jest-jasmine2/build/queue_runner.js:75:39)
    at ZoneDelegate.Object.&lt;anonymous&gt;.ZoneDelegate.invoke (/home/thomas/Documents/projects/knab-james-frontend/node_modules/zone.js/dist/zone-node.js:392:26)
    at Zone.Object.&lt;anonymous&gt;.Zone.run (/home/thomas/Documents/projects/knab-james-frontend/node_modules/zone.js/dist/zone-node.js:142:43)
    at /home/thomas/Documents/projects/knab-james-frontend/node_modules/zone.js/dist/zone-node.js:844:57
    at ZoneDelegate.Object.&lt;anonymous&gt;.ZoneDelegate.invokeTask (/home/thomas/Documents/projects/knab-james-frontend/node_modules/zone.js/dist/zone-node.js:425:31)
    at Zone.Object.&lt;anonymous&gt;.Zone.runTask (/home/thomas/Documents/projects/knab-james-frontend/node_modules/zone.js/dist/zone-node.js:192:47)
    at drainMicroTaskQueue (/home/thomas/Documents/projects/knab-james-frontend/node_modules/zone.js/dist/zone-node.js:602:35)
    at process._tickCallback (internal/process/next_tick.js:109:7)</failure>
      <failure>Error: expect(received).toEqual(expected)

Expected value to equal:
  {&quot;loaded&quot;: true, &quot;loading&quot;: false, &quot;profile&quot;: undefined}
Received:
  {&quot;loaded&quot;: true, &quot;loading&quot;: false, &quot;profile&quot;: {}}

Difference:

- Expected
+ Received

  Object {
    &quot;loaded&quot;: true,
    &quot;loading&quot;: false,
-   &quot;profile&quot;: undefined,
+   &quot;profile&quot;: Object {},
  }
    at /home/thomas/Documents/projects/knab-james-frontend/src/app/profile/effects/profile.spec.ts:230:22
    at ZoneDelegate.Object.&lt;anonymous&gt;.ZoneDelegate.invoke (/home/thomas/Documents/projects/knab-james-frontend/node_modules/zone.js/dist/zone-node.js:392:26)
    at ProxyZoneSpec.Object.&lt;anonymous&gt;.ProxyZoneSpec.onInvoke (/home/thomas/Documents/projects/knab-james-frontend/node_modules/zone.js/dist/proxy.js:79:39)
    at ZoneDelegate.Object.&lt;anonymous&gt;.ZoneDelegate.invoke (/home/thomas/Documents/projects/knab-james-frontend/node_modules/zone.js/dist/zone-node.js:391:32)
    at Zone.Object.&lt;anonymous&gt;.Zone.run (/home/thomas/Documents/projects/knab-james-frontend/node_modules/zone.js/dist/zone-node.js:142:43)
    at Object.testBody.length (/home/thomas/Documents/projects/knab-james-frontend/node_modules/jest-zone-patch/index.js:47:27)
    at Object.asyncFn (/home/thomas/Documents/projects/knab-james-frontend/node_modules/jest-jasmine2/build/jasmine_async.js:126:345)
    at resolve (/home/thomas/Documents/projects/knab-james-frontend/node_modules/jest-jasmine2/build/queue_runner.js:47:12)
    at new ZoneAwarePromise (/home/thomas/Documents/projects/knab-james-frontend/node_modules/zone.js/dist/zone-node.js:861:29)
    at mapper (/home/thomas/Documents/projects/knab-james-frontend/node_modules/jest-jasmine2/build/queue_runner.js:36:499)
    at promise.then (/home/thomas/Documents/projects/knab-james-frontend/node_modules/jest-jasmine2/build/queue_runner.js:75:39)
    at ZoneDelegate.Object.&lt;anonymous&gt;.ZoneDelegate.invoke (/home/thomas/Documents/projects/knab-james-frontend/node_modules/zone.js/dist/zone-node.js:392:26)
    at Zone.Object.&lt;anonymous&gt;.Zone.run (/home/thomas/Documents/projects/knab-james-frontend/node_modules/zone.js/dist/zone-node.js:142:43)
    at /home/thomas/Documents/projects/knab-james-frontend/node_modules/zone.js/dist/zone-node.js:844:57
    at ZoneDelegate.Object.&lt;anonymous&gt;.ZoneDelegate.invokeTask (/home/thomas/Documents/projects/knab-james-frontend/node_modules/zone.js/dist/zone-node.js:425:31)
    at Zone.Object.&lt;anonymous&gt;.Zone.runTask (/home/thomas/Documents/projects/knab-james-frontend/node_modules/zone.js/dist/zone-node.js:192:47)
    at drainMicroTaskQueue (/home/thomas/Documents/projects/knab-james-frontend/node_modules/zone.js/dist/zone-node.js:602:35)
    at process._tickCallback (internal/process/next_tick.js:109:7)</failure>
    </testcase>
    <testcase classname="ProfileEffects UPDATE_ADDRESS_FAILURE should " name="ProfileEffects UPDATE_ADDRESS_FAILURE should " time="0.004">
      <failure>TypeError: jasmine.createSpyObj is not a function
    at /home/thomas/Documents/projects/knab-james-frontend/src/app/profile/effects/profile.spec.ts:26:21
    at ZoneDelegate.Object.&lt;anonymous&gt;.ZoneDelegate.invoke (/home/thomas/Documents/projects/knab-james-frontend/node_modules/zone.js/dist/zone-node.js:392:26)
    at ProxyZoneSpec.Object.&lt;anonymous&gt;.ProxyZoneSpec.onInvoke (/home/thomas/Documents/projects/knab-james-frontend/node_modules/zone.js/dist/proxy.js:79:39)
    at ZoneDelegate.Object.&lt;anonymous&gt;.ZoneDelegate.invoke (/home/thomas/Documents/projects/knab-james-frontend/node_modules/zone.js/dist/zone-node.js:391:32)
    at Zone.Object.&lt;anonymous&gt;.Zone.run (/home/thomas/Documents/projects/knab-james-frontend/node_modules/zone.js/dist/zone-node.js:142:43)
    at Object.testBody.length (/home/thomas/Documents/projects/knab-james-frontend/node_modules/jest-zone-patch/index.js:47:27)
    at Object.asyncFn (/home/thomas/Documents/projects/knab-james-frontend/node_modules/jest-jasmine2/build/jasmine_async.js:124:61)
    at resolve (/home/thomas/Documents/projects/knab-james-frontend/node_modules/jest-jasmine2/build/queue_runner.js:47:12)
    at new ZoneAwarePromise (/home/thomas/Documents/projects/knab-james-frontend/node_modules/zone.js/dist/zone-node.js:861:29)
    at mapper (/home/thomas/Documents/projects/knab-james-frontend/node_modules/jest-jasmine2/build/queue_runner.js:36:499)
    at promise.then (/home/thomas/Documents/projects/knab-james-frontend/node_modules/jest-jasmine2/build/queue_runner.js:75:39)
    at ZoneDelegate.Object.&lt;anonymous&gt;.ZoneDelegate.invoke (/home/thomas/Documents/projects/knab-james-frontend/node_modules/zone.js/dist/zone-node.js:392:26)
    at Zone.Object.&lt;anonymous&gt;.Zone.run (/home/thomas/Documents/projects/knab-james-frontend/node_modules/zone.js/dist/zone-node.js:142:43)
    at /home/thomas/Documents/projects/knab-james-frontend/node_modules/zone.js/dist/zone-node.js:844:57
    at ZoneDelegate.Object.&lt;anonymous&gt;.ZoneDelegate.invokeTask (/home/thomas/Documents/projects/knab-james-frontend/node_modules/zone.js/dist/zone-node.js:425:31)
    at Zone.Object.&lt;anonymous&gt;.Zone.runTask (/home/thomas/Documents/projects/knab-james-frontend/node_modules/zone.js/dist/zone-node.js:192:47)
    at drainMicroTaskQueue (/home/thomas/Documents/projects/knab-james-frontend/node_modules/zone.js/dist/zone-node.js:602:35)
    at process._tickCallback (internal/process/next_tick.js:109:7)</failure>
    </testcase>
  </testsuite>
  <testsuite name="AuthEffects" tests="5" errors="0" failures="4" skipped="1" timestamp="2017-10-07T17:22:53" time="1.804">
    <testcase classname="AuthEffects login$ should call authService with the payload" name="AuthEffects login$ should call authService with the payload" time="0.29">
      <failure>TypeError: jasmine.createSpyObj is not a function
    at /home/thomas/Documents/projects/knab-james-frontend/src/app/auth/effects/auth.effects.spec.ts:69:21
    at ZoneDelegate.Object.&lt;anonymous&gt;.ZoneDelegate.invoke (/home/thomas/Documents/projects/knab-james-frontend/node_modules/zone.js/dist/zone-node.js:392:26)
    at ProxyZoneSpec.Object.&lt;anonymous&gt;.ProxyZoneSpec.onInvoke (/home/thomas/Documents/projects/knab-james-frontend/node_modules/zone.js/dist/proxy.js:79:39)
    at ZoneDelegate.Object.&lt;anonymous&gt;.ZoneDelegate.invoke (/home/thomas/Documents/projects/knab-james-frontend/node_modules/zone.js/dist/zone-node.js:391:32)
    at Zone.Object.&lt;anonymous&gt;.Zone.run (/home/thomas/Documents/projects/knab-james-frontend/node_modules/zone.js/dist/zone-node.js:142:43)
    at Object.testBody.length (/home/thomas/Documents/projects/knab-james-frontend/node_modules/jest-zone-patch/index.js:47:27)
    at Object.asyncFn (/home/thomas/Documents/projects/knab-james-frontend/node_modules/jest-jasmine2/build/jasmine_async.js:124:61)
    at resolve (/home/thomas/Documents/projects/knab-james-frontend/node_modules/jest-jasmine2/build/queue_runner.js:47:12)
    at new ZoneAwarePromise (/home/thomas/Documents/projects/knab-james-frontend/node_modules/zone.js/dist/zone-node.js:861:29)
    at mapper (/home/thomas/Documents/projects/knab-james-frontend/node_modules/jest-jasmine2/build/queue_runner.js:36:499)
    at promise.then (/home/thomas/Documents/projects/knab-james-frontend/node_modules/jest-jasmine2/build/queue_runner.js:75:39)
    at ZoneDelegate.Object.&lt;anonymous&gt;.ZoneDelegate.invoke (/home/thomas/Documents/projects/knab-james-frontend/node_modules/zone.js/dist/zone-node.js:392:26)
    at Zone.Object.&lt;anonymous&gt;.Zone.run (/home/thomas/Documents/projects/knab-james-frontend/node_modules/zone.js/dist/zone-node.js:142:43)
    at /home/thomas/Documents/projects/knab-james-frontend/node_modules/zone.js/dist/zone-node.js:844:57
    at ZoneDelegate.Object.&lt;anonymous&gt;.ZoneDelegate.invokeTask (/home/thomas/Documents/projects/knab-james-frontend/node_modules/zone.js/dist/zone-node.js:425:31)
    at Zone.Object.&lt;anonymous&gt;.Zone.runTask (/home/thomas/Documents/projects/knab-james-frontend/node_modules/zone.js/dist/zone-node.js:192:47)
    at drainMicroTaskQueue (/home/thomas/Documents/projects/knab-james-frontend/node_modules/zone.js/dist/zone-node.js:602:35)
    at process._tickCallback (internal/process/next_tick.js:109:7)</failure>
      <failure>TypeError: Cannot read property &apos;login&apos; of undefined
    at /home/thomas/Documents/projects/knab-james-frontend/src/app/auth/effects/auth.effects.spec.ts:101:18
    at ZoneDelegate.Object.&lt;anonymous&gt;.ZoneDelegate.invoke (/home/thomas/Documents/projects/knab-james-frontend/node_modules/zone.js/dist/zone-node.js:392:26)
    at ProxyZoneSpec.Object.&lt;anonymous&gt;.ProxyZoneSpec.onInvoke (/home/thomas/Documents/projects/knab-james-frontend/node_modules/zone.js/dist/proxy.js:79:39)
    at ZoneDelegate.Object.&lt;anonymous&gt;.ZoneDelegate.invoke (/home/thomas/Documents/projects/knab-james-frontend/node_modules/zone.js/dist/zone-node.js:391:32)
    at Zone.Object.&lt;anonymous&gt;.Zone.run (/home/thomas/Documents/projects/knab-james-frontend/node_modules/zone.js/dist/zone-node.js:142:43)
    at Object.testBody.length (/home/thomas/Documents/projects/knab-james-frontend/node_modules/jest-zone-patch/index.js:47:27)
    at Object.asyncFn (/home/thomas/Documents/projects/knab-james-frontend/node_modules/jest-jasmine2/build/jasmine_async.js:126:345)
    at resolve (/home/thomas/Documents/projects/knab-james-frontend/node_modules/jest-jasmine2/build/queue_runner.js:47:12)
    at new ZoneAwarePromise (/home/thomas/Documents/projects/knab-james-frontend/node_modules/zone.js/dist/zone-node.js:861:29)
    at mapper (/home/thomas/Documents/projects/knab-james-frontend/node_modules/jest-jasmine2/build/queue_runner.js:36:499)
    at promise.then (/home/thomas/Documents/projects/knab-james-frontend/node_modules/jest-jasmine2/build/queue_runner.js:75:39)
    at ZoneDelegate.Object.&lt;anonymous&gt;.ZoneDelegate.invoke (/home/thomas/Documents/projects/knab-james-frontend/node_modules/zone.js/dist/zone-node.js:392:26)
    at Zone.Object.&lt;anonymous&gt;.Zone.run (/home/thomas/Documents/projects/knab-james-frontend/node_modules/zone.js/dist/zone-node.js:142:43)
    at /home/thomas/Documents/projects/knab-james-frontend/node_modules/zone.js/dist/zone-node.js:844:57
    at ZoneDelegate.Object.&lt;anonymous&gt;.ZoneDelegate.invokeTask (/home/thomas/Documents/projects/knab-james-frontend/node_modules/zone.js/dist/zone-node.js:425:31)
    at Zone.Object.&lt;anonymous&gt;.Zone.runTask (/home/thomas/Documents/projects/knab-james-frontend/node_modules/zone.js/dist/zone-node.js:192:47)
    at drainMicroTaskQueue (/home/thomas/Documents/projects/knab-james-frontend/node_modules/zone.js/dist/zone-node.js:602:35)
    at process._tickCallback (internal/process/next_tick.js:109:7)</failure>
    </testcase>
    <testcase classname="AuthEffects login$ should fail on a service error" name="AuthEffects login$ should fail on a service error" time="0">
      <skipped/>
    </testcase>
    <testcase classname="AuthEffects loginSuccess$ should redirect to / route" name="AuthEffects loginSuccess$ should redirect to / route" time="0.012">
      <failure>TypeError: jasmine.createSpyObj is not a function
    at /home/thomas/Documents/projects/knab-james-frontend/src/app/auth/effects/auth.effects.spec.ts:69:21
    at ZoneDelegate.Object.&lt;anonymous&gt;.ZoneDelegate.invoke (/home/thomas/Documents/projects/knab-james-frontend/node_modules/zone.js/dist/zone-node.js:392:26)
    at ProxyZoneSpec.Object.&lt;anonymous&gt;.ProxyZoneSpec.onInvoke (/home/thomas/Documents/projects/knab-james-frontend/node_modules/zone.js/dist/proxy.js:79:39)
    at ZoneDelegate.Object.&lt;anonymous&gt;.ZoneDelegate.invoke (/home/thomas/Documents/projects/knab-james-frontend/node_modules/zone.js/dist/zone-node.js:391:32)
    at Zone.Object.&lt;anonymous&gt;.Zone.run (/home/thomas/Documents/projects/knab-james-frontend/node_modules/zone.js/dist/zone-node.js:142:43)
    at Object.testBody.length (/home/thomas/Documents/projects/knab-james-frontend/node_modules/jest-zone-patch/index.js:47:27)
    at Object.asyncFn (/home/thomas/Documents/projects/knab-james-frontend/node_modules/jest-jasmine2/build/jasmine_async.js:124:61)
    at resolve (/home/thomas/Documents/projects/knab-james-frontend/node_modules/jest-jasmine2/build/queue_runner.js:47:12)
    at new ZoneAwarePromise (/home/thomas/Documents/projects/knab-james-frontend/node_modules/zone.js/dist/zone-node.js:861:29)
    at mapper (/home/thomas/Documents/projects/knab-james-frontend/node_modules/jest-jasmine2/build/queue_runner.js:36:499)
    at promise.then (/home/thomas/Documents/projects/knab-james-frontend/node_modules/jest-jasmine2/build/queue_runner.js:75:39)
    at ZoneDelegate.Object.&lt;anonymous&gt;.ZoneDelegate.invoke (/home/thomas/Documents/projects/knab-james-frontend/node_modules/zone.js/dist/zone-node.js:392:26)
    at Zone.Object.&lt;anonymous&gt;.Zone.run (/home/thomas/Documents/projects/knab-james-frontend/node_modules/zone.js/dist/zone-node.js:142:43)
    at /home/thomas/Documents/projects/knab-james-frontend/node_modules/zone.js/dist/zone-node.js:844:57
    at ZoneDelegate.Object.&lt;anonymous&gt;.ZoneDelegate.invokeTask (/home/thomas/Documents/projects/knab-james-frontend/node_modules/zone.js/dist/zone-node.js:425:31)
    at Zone.Object.&lt;anonymous&gt;.Zone.runTask (/home/thomas/Documents/projects/knab-james-frontend/node_modules/zone.js/dist/zone-node.js:192:47)
    at drainMicroTaskQueue (/home/thomas/Documents/projects/knab-james-frontend/node_modules/zone.js/dist/zone-node.js:602:35)
    at process._tickCallback (internal/process/next_tick.js:109:7)</failure>
      <failure>TypeError: Cannot read property &apos;loginSuccess$&apos; of undefined
    at /home/thomas/Documents/projects/knab-james-frontend/src/app/auth/effects/auth.effects.spec.ts:137:14
    at ZoneDelegate.Object.&lt;anonymous&gt;.ZoneDelegate.invoke (/home/thomas/Documents/projects/knab-james-frontend/node_modules/zone.js/dist/zone-node.js:392:26)
    at ProxyZoneSpec.Object.&lt;anonymous&gt;.ProxyZoneSpec.onInvoke (/home/thomas/Documents/projects/knab-james-frontend/node_modules/zone.js/dist/proxy.js:79:39)
    at ZoneDelegate.Object.&lt;anonymous&gt;.ZoneDelegate.invoke (/home/thomas/Documents/projects/knab-james-frontend/node_modules/zone.js/dist/zone-node.js:391:32)
    at Zone.Object.&lt;anonymous&gt;.Zone.run (/home/thomas/Documents/projects/knab-james-frontend/node_modules/zone.js/dist/zone-node.js:142:43)
    at Object.testBody.length (/home/thomas/Documents/projects/knab-james-frontend/node_modules/jest-zone-patch/index.js:47:27)
    at Object.asyncFn (/home/thomas/Documents/projects/knab-james-frontend/node_modules/jest-jasmine2/build/jasmine_async.js:126:345)
    at resolve (/home/thomas/Documents/projects/knab-james-frontend/node_modules/jest-jasmine2/build/queue_runner.js:47:12)
    at new ZoneAwarePromise (/home/thomas/Documents/projects/knab-james-frontend/node_modules/zone.js/dist/zone-node.js:861:29)
    at mapper (/home/thomas/Documents/projects/knab-james-frontend/node_modules/jest-jasmine2/build/queue_runner.js:36:499)
    at promise.then (/home/thomas/Documents/projects/knab-james-frontend/node_modules/jest-jasmine2/build/queue_runner.js:75:39)
    at ZoneDelegate.Object.&lt;anonymous&gt;.ZoneDelegate.invoke (/home/thomas/Documents/projects/knab-james-frontend/node_modules/zone.js/dist/zone-node.js:392:26)
    at Zone.Object.&lt;anonymous&gt;.Zone.run (/home/thomas/Documents/projects/knab-james-frontend/node_modules/zone.js/dist/zone-node.js:142:43)
    at /home/thomas/Documents/projects/knab-james-frontend/node_modules/zone.js/dist/zone-node.js:844:57
    at ZoneDelegate.Object.&lt;anonymous&gt;.ZoneDelegate.invokeTask (/home/thomas/Documents/projects/knab-james-frontend/node_modules/zone.js/dist/zone-node.js:425:31)
    at Zone.Object.&lt;anonymous&gt;.Zone.runTask (/home/thomas/Documents/projects/knab-james-frontend/node_modules/zone.js/dist/zone-node.js:192:47)
    at drainMicroTaskQueue (/home/thomas/Documents/projects/knab-james-frontend/node_modules/zone.js/dist/zone-node.js:602:35)
    at process._tickCallback (internal/process/next_tick.js:109:7)</failure>
    </testcase>
    <testcase classname="AuthEffects loginRedirect$ should redirect to /login route" name="AuthEffects loginRedirect$ should redirect to /login route" time="0.006">
      <failure>TypeError: jasmine.createSpyObj is not a function
    at /home/thomas/Documents/projects/knab-james-frontend/src/app/auth/effects/auth.effects.spec.ts:69:21
    at ZoneDelegate.Object.&lt;anonymous&gt;.ZoneDelegate.invoke (/home/thomas/Documents/projects/knab-james-frontend/node_modules/zone.js/dist/zone-node.js:392:26)
    at ProxyZoneSpec.Object.&lt;anonymous&gt;.ProxyZoneSpec.onInvoke (/home/thomas/Documents/projects/knab-james-frontend/node_modules/zone.js/dist/proxy.js:79:39)
    at ZoneDelegate.Object.&lt;anonymous&gt;.ZoneDelegate.invoke (/home/thomas/Documents/projects/knab-james-frontend/node_modules/zone.js/dist/zone-node.js:391:32)
    at Zone.Object.&lt;anonymous&gt;.Zone.run (/home/thomas/Documents/projects/knab-james-frontend/node_modules/zone.js/dist/zone-node.js:142:43)
    at Object.testBody.length (/home/thomas/Documents/projects/knab-james-frontend/node_modules/jest-zone-patch/index.js:47:27)
    at Object.asyncFn (/home/thomas/Documents/projects/knab-james-frontend/node_modules/jest-jasmine2/build/jasmine_async.js:124:61)
    at resolve (/home/thomas/Documents/projects/knab-james-frontend/node_modules/jest-jasmine2/build/queue_runner.js:47:12)
    at new ZoneAwarePromise (/home/thomas/Documents/projects/knab-james-frontend/node_modules/zone.js/dist/zone-node.js:861:29)
    at mapper (/home/thomas/Documents/projects/knab-james-frontend/node_modules/jest-jasmine2/build/queue_runner.js:36:499)
    at promise.then (/home/thomas/Documents/projects/knab-james-frontend/node_modules/jest-jasmine2/build/queue_runner.js:75:39)
    at ZoneDelegate.Object.&lt;anonymous&gt;.ZoneDelegate.invoke (/home/thomas/Documents/projects/knab-james-frontend/node_modules/zone.js/dist/zone-node.js:392:26)
    at Zone.Object.&lt;anonymous&gt;.Zone.run (/home/thomas/Documents/projects/knab-james-frontend/node_modules/zone.js/dist/zone-node.js:142:43)
    at /home/thomas/Documents/projects/knab-james-frontend/node_modules/zone.js/dist/zone-node.js:844:57
    at ZoneDelegate.Object.&lt;anonymous&gt;.ZoneDelegate.invokeTask (/home/thomas/Documents/projects/knab-james-frontend/node_modules/zone.js/dist/zone-node.js:425:31)
    at Zone.Object.&lt;anonymous&gt;.Zone.runTask (/home/thomas/Documents/projects/knab-james-frontend/node_modules/zone.js/dist/zone-node.js:192:47)
    at drainMicroTaskQueue (/home/thomas/Documents/projects/knab-james-frontend/node_modules/zone.js/dist/zone-node.js:602:35)
    at process._tickCallback (internal/process/next_tick.js:109:7)</failure>
      <failure>TypeError: Cannot read property &apos;loginRedirect$&apos; of undefined
    at /home/thomas/Documents/projects/knab-james-frontend/src/app/auth/effects/auth.effects.spec.ts:145:14
    at ZoneDelegate.Object.&lt;anonymous&gt;.ZoneDelegate.invoke (/home/thomas/Documents/projects/knab-james-frontend/node_modules/zone.js/dist/zone-node.js:392:26)
    at ProxyZoneSpec.Object.&lt;anonymous&gt;.ProxyZoneSpec.onInvoke (/home/thomas/Documents/projects/knab-james-frontend/node_modules/zone.js/dist/proxy.js:79:39)
    at ZoneDelegate.Object.&lt;anonymous&gt;.ZoneDelegate.invoke (/home/thomas/Documents/projects/knab-james-frontend/node_modules/zone.js/dist/zone-node.js:391:32)
    at Zone.Object.&lt;anonymous&gt;.Zone.run (/home/thomas/Documents/projects/knab-james-frontend/node_modules/zone.js/dist/zone-node.js:142:43)
    at Object.testBody.length (/home/thomas/Documents/projects/knab-james-frontend/node_modules/jest-zone-patch/index.js:47:27)
    at Object.asyncFn (/home/thomas/Documents/projects/knab-james-frontend/node_modules/jest-jasmine2/build/jasmine_async.js:126:345)
    at resolve (/home/thomas/Documents/projects/knab-james-frontend/node_modules/jest-jasmine2/build/queue_runner.js:47:12)
    at new ZoneAwarePromise (/home/thomas/Documents/projects/knab-james-frontend/node_modules/zone.js/dist/zone-node.js:861:29)
    at mapper (/home/thomas/Documents/projects/knab-james-frontend/node_modules/jest-jasmine2/build/queue_runner.js:36:499)
    at promise.then (/home/thomas/Documents/projects/knab-james-frontend/node_modules/jest-jasmine2/build/queue_runner.js:75:39)
    at ZoneDelegate.Object.&lt;anonymous&gt;.ZoneDelegate.invoke (/home/thomas/Documents/projects/knab-james-frontend/node_modules/zone.js/dist/zone-node.js:392:26)
    at Zone.Object.&lt;anonymous&gt;.Zone.run (/home/thomas/Documents/projects/knab-james-frontend/node_modules/zone.js/dist/zone-node.js:142:43)
    at /home/thomas/Documents/projects/knab-james-frontend/node_modules/zone.js/dist/zone-node.js:844:57
    at ZoneDelegate.Object.&lt;anonymous&gt;.ZoneDelegate.invokeTask (/home/thomas/Documents/projects/knab-james-frontend/node_modules/zone.js/dist/zone-node.js:425:31)
    at Zone.Object.&lt;anonymous&gt;.Zone.runTask (/home/thomas/Documents/projects/knab-james-frontend/node_modules/zone.js/dist/zone-node.js:192:47)
    at drainMicroTaskQueue (/home/thomas/Documents/projects/knab-james-frontend/node_modules/zone.js/dist/zone-node.js:602:35)
    at process._tickCallback (internal/process/next_tick.js:109:7)</failure>
    </testcase>
    <testcase classname="AuthEffects logout$ should call logout on the authService" name="AuthEffects logout$ should call logout on the authService" time="0.008">
      <failure>TypeError: jasmine.createSpyObj is not a function
    at /home/thomas/Documents/projects/knab-james-frontend/src/app/auth/effects/auth.effects.spec.ts:69:21
    at ZoneDelegate.Object.&lt;anonymous&gt;.ZoneDelegate.invoke (/home/thomas/Documents/projects/knab-james-frontend/node_modules/zone.js/dist/zone-node.js:392:26)
    at ProxyZoneSpec.Object.&lt;anonymous&gt;.ProxyZoneSpec.onInvoke (/home/thomas/Documents/projects/knab-james-frontend/node_modules/zone.js/dist/proxy.js:79:39)
    at ZoneDelegate.Object.&lt;anonymous&gt;.ZoneDelegate.invoke (/home/thomas/Documents/projects/knab-james-frontend/node_modules/zone.js/dist/zone-node.js:391:32)
    at Zone.Object.&lt;anonymous&gt;.Zone.run (/home/thomas/Documents/projects/knab-james-frontend/node_modules/zone.js/dist/zone-node.js:142:43)
    at Object.testBody.length (/home/thomas/Documents/projects/knab-james-frontend/node_modules/jest-zone-patch/index.js:47:27)
    at Object.asyncFn (/home/thomas/Documents/projects/knab-james-frontend/node_modules/jest-jasmine2/build/jasmine_async.js:124:61)
    at resolve (/home/thomas/Documents/projects/knab-james-frontend/node_modules/jest-jasmine2/build/queue_runner.js:47:12)
    at new ZoneAwarePromise (/home/thomas/Documents/projects/knab-james-frontend/node_modules/zone.js/dist/zone-node.js:861:29)
    at mapper (/home/thomas/Documents/projects/knab-james-frontend/node_modules/jest-jasmine2/build/queue_runner.js:36:499)
    at promise.then (/home/thomas/Documents/projects/knab-james-frontend/node_modules/jest-jasmine2/build/queue_runner.js:75:39)
    at ZoneDelegate.Object.&lt;anonymous&gt;.ZoneDelegate.invoke (/home/thomas/Documents/projects/knab-james-frontend/node_modules/zone.js/dist/zone-node.js:392:26)
    at Zone.Object.&lt;anonymous&gt;.Zone.run (/home/thomas/Documents/projects/knab-james-frontend/node_modules/zone.js/dist/zone-node.js:142:43)
    at /home/thomas/Documents/projects/knab-james-frontend/node_modules/zone.js/dist/zone-node.js:844:57
    at ZoneDelegate.Object.&lt;anonymous&gt;.ZoneDelegate.invokeTask (/home/thomas/Documents/projects/knab-james-frontend/node_modules/zone.js/dist/zone-node.js:425:31)
    at Zone.Object.&lt;anonymous&gt;.Zone.runTask (/home/thomas/Documents/projects/knab-james-frontend/node_modules/zone.js/dist/zone-node.js:192:47)
    at drainMicroTaskQueue (/home/thomas/Documents/projects/knab-james-frontend/node_modules/zone.js/dist/zone-node.js:602:35)
    at process._tickCallback (internal/process/next_tick.js:109:7)</failure>
      <failure>TypeError: Cannot read property &apos;logout$&apos; of undefined
    at /home/thomas/Documents/projects/knab-james-frontend/src/app/auth/effects/auth.effects.spec.ts:153:14
    at ZoneDelegate.Object.&lt;anonymous&gt;.ZoneDelegate.invoke (/home/thomas/Documents/projects/knab-james-frontend/node_modules/zone.js/dist/zone-node.js:392:26)
    at ProxyZoneSpec.Object.&lt;anonymous&gt;.ProxyZoneSpec.onInvoke (/home/thomas/Documents/projects/knab-james-frontend/node_modules/zone.js/dist/proxy.js:79:39)
    at ZoneDelegate.Object.&lt;anonymous&gt;.ZoneDelegate.invoke (/home/thomas/Documents/projects/knab-james-frontend/node_modules/zone.js/dist/zone-node.js:391:32)
    at Zone.Object.&lt;anonymous&gt;.Zone.run (/home/thomas/Documents/projects/knab-james-frontend/node_modules/zone.js/dist/zone-node.js:142:43)
    at Object.testBody.length (/home/thomas/Documents/projects/knab-james-frontend/node_modules/jest-zone-patch/index.js:47:27)
    at Object.asyncFn (/home/thomas/Documents/projects/knab-james-frontend/node_modules/jest-jasmine2/build/jasmine_async.js:126:345)
    at resolve (/home/thomas/Documents/projects/knab-james-frontend/node_modules/jest-jasmine2/build/queue_runner.js:47:12)
    at new ZoneAwarePromise (/home/thomas/Documents/projects/knab-james-frontend/node_modules/zone.js/dist/zone-node.js:861:29)
    at mapper (/home/thomas/Documents/projects/knab-james-frontend/node_modules/jest-jasmine2/build/queue_runner.js:36:499)
    at promise.then (/home/thomas/Documents/projects/knab-james-frontend/node_modules/jest-jasmine2/build/queue_runner.js:75:39)
    at ZoneDelegate.Object.&lt;anonymous&gt;.ZoneDelegate.invoke (/home/thomas/Documents/projects/knab-james-frontend/node_modules/zone.js/dist/zone-node.js:392:26)
    at Zone.Object.&lt;anonymous&gt;.Zone.run (/home/thomas/Documents/projects/knab-james-frontend/node_modules/zone.js/dist/zone-node.js:142:43)
    at /home/thomas/Documents/projects/knab-james-frontend/node_modules/zone.js/dist/zone-node.js:844:57
    at ZoneDelegate.Object.&lt;anonymous&gt;.ZoneDelegate.invokeTask (/home/thomas/Documents/projects/knab-james-frontend/node_modules/zone.js/dist/zone-node.js:425:31)
    at Zone.Object.&lt;anonymous&gt;.Zone.runTask (/home/thomas/Documents/projects/knab-james-frontend/node_modules/zone.js/dist/zone-node.js:192:47)
    at drainMicroTaskQueue (/home/thomas/Documents/projects/knab-james-frontend/node_modules/zone.js/dist/zone-node.js:602:35)
    at process._tickCallback (internal/process/next_tick.js:109:7)</failure>
    </testcase>
  </testsuite>
  <testsuite name="Service: Car" tests="6" errors="0" failures="0" skipped="0" timestamp="2017-10-07T17:22:53" time="2.052">
    <testcase classname="Service: Car Car Information should define the getByLicense function" name="Service: Car Car Information should define the getByLicense function" time="0.129">
    </testcase>
    <testcase classname="Service: Car Car Information should return an Observable&lt;Car&gt;" name="Service: Car Car Information should return an Observable&lt;Car&gt;" time="0.06">
    </testcase>
    <testcase classname="Service: Car Car Coverage should define the getCoverageRecommendation function" name="Service: Car Car Coverage should define the getCoverageRecommendation function" time="0.047">
    </testcase>
    <testcase classname="Service: Car Car Coverage should return a Observable&lt;CarCoverageRecommendation&gt;" name="Service: Car Car Coverage should return a Observable&lt;CarCoverageRecommendation&gt;" time="0.03">
    </testcase>
    <testcase classname="Service: Car Car Insurance Compare should define the getInsurances function" name="Service: Car Car Insurance Compare should define the getInsurances function" time="0.028">
    </testcase>
    <testcase classname="Service: Car Car Insurance Compare should return an Observable&lt;Array&lt;CarInsurance&gt;&gt;" name="Service: Car Car Insurance Compare should return an Observable&lt;Array&lt;CarInsurance&gt;&gt;" time="0.027">
    </testcase>
  </testsuite>
  <testsuite name="Util: IBAN Validator" tests="2" errors="0" failures="0" skipped="0" timestamp="2017-10-07T17:22:55" time="0.345">
    <testcase classname="Util: IBAN Validator should validate a Dutch iban number" name="Util: IBAN Validator should validate a Dutch iban number" time="0.031">
    </testcase>
    <testcase classname="Util: IBAN Validator should validate other iban numbers" name="Util: IBAN Validator should validate other iban numbers" time="0.014">
    </testcase>
  </testsuite>
  <testsuite name="Car reducer" tests="7" errors="0" failures="0" skipped="0" timestamp="2017-10-07T17:22:55" time="0.341">
    <testcase classname="Car reducer undefined action should handle initial state" name="Car reducer undefined action should handle initial state" time="0.006">
    </testcase>
    <testcase classname="Car reducer BUY_REQUEST should set loading to true" name="Car reducer BUY_REQUEST should set loading to true" time="0.004">
    </testcase>
    <testcase classname="Car reducer GET_INFO_REQUEST should set loading to true" name="Car reducer GET_INFO_REQUEST should set loading to true" time="0.002">
    </testcase>
    <testcase classname="Car reducer GET_INFO_SUCCESS should set info and loaded" name="Car reducer GET_INFO_SUCCESS should set info and loaded" time="0.002">
    </testcase>
    <testcase classname="Car reducer GET_INFO_FAILURE should reset info and set error" name="Car reducer GET_INFO_FAILURE should reset info and set error" time="0.003">
    </testcase>
    <testcase classname="Car reducer BUY_SUCCESS should set buyComplete to true" name="Car reducer BUY_SUCCESS should set buyComplete to true" time="0.002">
    </testcase>
    <testcase classname="Car reducer BUY_FAILURE should set buyError to true" name="Car reducer BUY_FAILURE should set buyError to true" time="0.004">
    </testcase>
  </testsuite>
  <testsuite name="CarEffects" tests="2" errors="0" failures="2" skipped="0" timestamp="2017-10-07T17:22:56" time="0.784">
    <testcase classname="CarEffects carCoverage$ should return coverage success action" name="CarEffects carCoverage$ should return coverage success action" time="0.3">
      <failure>TypeError: jasmine.createSpyObj is not a function
    at /home/thomas/Documents/projects/knab-james-frontend/src/app/car/effects/coverage.spec.ts:34:21
    at ZoneDelegate.Object.&lt;anonymous&gt;.ZoneDelegate.invoke (/home/thomas/Documents/projects/knab-james-frontend/node_modules/zone.js/dist/zone-node.js:392:26)
    at ProxyZoneSpec.Object.&lt;anonymous&gt;.ProxyZoneSpec.onInvoke (/home/thomas/Documents/projects/knab-james-frontend/node_modules/zone.js/dist/proxy.js:79:39)
    at ZoneDelegate.Object.&lt;anonymous&gt;.ZoneDelegate.invoke (/home/thomas/Documents/projects/knab-james-frontend/node_modules/zone.js/dist/zone-node.js:391:32)
    at Zone.Object.&lt;anonymous&gt;.Zone.run (/home/thomas/Documents/projects/knab-james-frontend/node_modules/zone.js/dist/zone-node.js:142:43)
    at Object.testBody.length (/home/thomas/Documents/projects/knab-james-frontend/node_modules/jest-zone-patch/index.js:47:27)
    at Object.asyncFn (/home/thomas/Documents/projects/knab-james-frontend/node_modules/jest-jasmine2/build/jasmine_async.js:124:61)
    at resolve (/home/thomas/Documents/projects/knab-james-frontend/node_modules/jest-jasmine2/build/queue_runner.js:47:12)
    at new ZoneAwarePromise (/home/thomas/Documents/projects/knab-james-frontend/node_modules/zone.js/dist/zone-node.js:861:29)
    at mapper (/home/thomas/Documents/projects/knab-james-frontend/node_modules/jest-jasmine2/build/queue_runner.js:36:499)
    at promise.then (/home/thomas/Documents/projects/knab-james-frontend/node_modules/jest-jasmine2/build/queue_runner.js:75:39)
    at ZoneDelegate.Object.&lt;anonymous&gt;.ZoneDelegate.invoke (/home/thomas/Documents/projects/knab-james-frontend/node_modules/zone.js/dist/zone-node.js:392:26)
    at Zone.Object.&lt;anonymous&gt;.Zone.run (/home/thomas/Documents/projects/knab-james-frontend/node_modules/zone.js/dist/zone-node.js:142:43)
    at /home/thomas/Documents/projects/knab-james-frontend/node_modules/zone.js/dist/zone-node.js:844:57
    at ZoneDelegate.Object.&lt;anonymous&gt;.ZoneDelegate.invokeTask (/home/thomas/Documents/projects/knab-james-frontend/node_modules/zone.js/dist/zone-node.js:425:31)
    at Zone.Object.&lt;anonymous&gt;.Zone.runTask (/home/thomas/Documents/projects/knab-james-frontend/node_modules/zone.js/dist/zone-node.js:192:47)
    at drainMicroTaskQueue (/home/thomas/Documents/projects/knab-james-frontend/node_modules/zone.js/dist/zone-node.js:602:35)
    at process._tickCallback (internal/process/next_tick.js:109:7)</failure>
      <failure>TypeError: Cannot read property &apos;getCoverageRecommendation&apos; of undefined
    at /home/thomas/Documents/projects/knab-james-frontend/src/app/car/effects/coverage.spec.ts:52:17
    at ZoneDelegate.Object.&lt;anonymous&gt;.ZoneDelegate.invoke (/home/thomas/Documents/projects/knab-james-frontend/node_modules/zone.js/dist/zone-node.js:392:26)
    at ProxyZoneSpec.Object.&lt;anonymous&gt;.ProxyZoneSpec.onInvoke (/home/thomas/Documents/projects/knab-james-frontend/node_modules/zone.js/dist/proxy.js:79:39)
    at ZoneDelegate.Object.&lt;anonymous&gt;.ZoneDelegate.invoke (/home/thomas/Documents/projects/knab-james-frontend/node_modules/zone.js/dist/zone-node.js:391:32)
    at Zone.Object.&lt;anonymous&gt;.Zone.run (/home/thomas/Documents/projects/knab-james-frontend/node_modules/zone.js/dist/zone-node.js:142:43)
    at Object.testBody.length (/home/thomas/Documents/projects/knab-james-frontend/node_modules/jest-zone-patch/index.js:47:27)
    at Object.asyncFn (/home/thomas/Documents/projects/knab-james-frontend/node_modules/jest-jasmine2/build/jasmine_async.js:126:345)
    at resolve (/home/thomas/Documents/projects/knab-james-frontend/node_modules/jest-jasmine2/build/queue_runner.js:47:12)
    at new ZoneAwarePromise (/home/thomas/Documents/projects/knab-james-frontend/node_modules/zone.js/dist/zone-node.js:861:29)
    at mapper (/home/thomas/Documents/projects/knab-james-frontend/node_modules/jest-jasmine2/build/queue_runner.js:36:499)
    at promise.then (/home/thomas/Documents/projects/knab-james-frontend/node_modules/jest-jasmine2/build/queue_runner.js:75:39)
    at ZoneDelegate.Object.&lt;anonymous&gt;.ZoneDelegate.invoke (/home/thomas/Documents/projects/knab-james-frontend/node_modules/zone.js/dist/zone-node.js:392:26)
    at Zone.Object.&lt;anonymous&gt;.Zone.run (/home/thomas/Documents/projects/knab-james-frontend/node_modules/zone.js/dist/zone-node.js:142:43)
    at /home/thomas/Documents/projects/knab-james-frontend/node_modules/zone.js/dist/zone-node.js:844:57
    at ZoneDelegate.Object.&lt;anonymous&gt;.ZoneDelegate.invokeTask (/home/thomas/Documents/projects/knab-james-frontend/node_modules/zone.js/dist/zone-node.js:425:31)
    at Zone.Object.&lt;anonymous&gt;.Zone.runTask (/home/thomas/Documents/projects/knab-james-frontend/node_modules/zone.js/dist/zone-node.js:192:47)
    at drainMicroTaskQueue (/home/thomas/Documents/projects/knab-james-frontend/node_modules/zone.js/dist/zone-node.js:602:35)
    at process._tickCallback (internal/process/next_tick.js:109:7)</failure>
    </testcase>
    <testcase classname="CarEffects carCoverage$ should return coverage failure action" name="CarEffects carCoverage$ should return coverage failure action" time="0.003">
      <failure>TypeError: jasmine.createSpyObj is not a function
    at /home/thomas/Documents/projects/knab-james-frontend/src/app/car/effects/coverage.spec.ts:34:21
    at ZoneDelegate.Object.&lt;anonymous&gt;.ZoneDelegate.invoke (/home/thomas/Documents/projects/knab-james-frontend/node_modules/zone.js/dist/zone-node.js:392:26)
    at ProxyZoneSpec.Object.&lt;anonymous&gt;.ProxyZoneSpec.onInvoke (/home/thomas/Documents/projects/knab-james-frontend/node_modules/zone.js/dist/proxy.js:79:39)
    at ZoneDelegate.Object.&lt;anonymous&gt;.ZoneDelegate.invoke (/home/thomas/Documents/projects/knab-james-frontend/node_modules/zone.js/dist/zone-node.js:391:32)
    at Zone.Object.&lt;anonymous&gt;.Zone.run (/home/thomas/Documents/projects/knab-james-frontend/node_modules/zone.js/dist/zone-node.js:142:43)
    at Object.testBody.length (/home/thomas/Documents/projects/knab-james-frontend/node_modules/jest-zone-patch/index.js:47:27)
    at Object.asyncFn (/home/thomas/Documents/projects/knab-james-frontend/node_modules/jest-jasmine2/build/jasmine_async.js:124:61)
[...]
    <testcase classname="Component: TextMessageComponent should show the message" name="Component: TextMessageComponent should show the message" time="0.121">
    </testcase>
    <testcase classname="Component: TextMessageComponent should add date to message" name="Component: TextMessageComponent should add date to message" time="0.11">
    </testcase>
  </testsuite>
  <testsuite name="Form: ContactDetail" tests="3" errors="0" failures="0" skipped="0" timestamp="2017-10-07T17:23:07" time="0.332">
    <testcase classname="Form: ContactDetail should initialize the form controls" name="Form: ContactDetail should initialize the form controls" time="0.017">
    </testcase>
    <testcase classname="Form: ContactDetail should init the form options" name="Form: ContactDetail should init the form options" time="0.006">
    </testcase>
    <testcase classname="Form: ContactDetail should init validation errors" name="Form: ContactDetail should init validation errors" time="0.009">
    </testcase>
  </testsuite>
  <testsuite name="Class: Assistant" tests="6" errors="0" failures="0" skipped="0" timestamp="2017-10-07T17:23:07" time="0.266">
    <testcase classname="Class: Assistant Car messages: should create a welcome message" name="Class: Assistant Car messages: should create a welcome message" time="0.003">
    </testcase>
    <testcase classname="Class: Assistant Car messages: should create a coverage message" name="Class: Assistant Car messages: should create a coverage message" time="0.002">
    </testcase>
    <testcase classname="Class: Assistant Car messages: should map coverage types" name="Class: Assistant Car messages: should map coverage types" time="0.003">
    </testcase>
    <testcase classname="Class: Assistant Car messages: should have a car not found message" name="Class: Assistant Car messages: should have a car not found message" time="0.002">
    </testcase>
    <testcase classname="Class: Assistant Car messages: should have a car check message with insurer brand" name="Class: Assistant Car messages: should have a car check message with insurer brand" time="0.002">
    </testcase>
    <testcase classname="Class: Assistant Car messages: should have a thank you message with an email" name="Class: Assistant Car messages: should have a thank you message with an email" time="0.001">
    </testcase>
  </testsuite>
  <testsuite name="Util: Email Validator" tests="3" errors="0" failures="0" skipped="0" timestamp="2017-10-07T17:23:07" time="0.323">
    <testcase classname="Util: Email Validator should validate simple email address" name="Util: Email Validator should validate simple email address" time="0.008">
    </testcase>
    <testcase classname="Util: Email Validator should not validate email with spaces" name="Util: Email Validator should not validate email with spaces" time="0.007">
    </testcase>
    <testcase classname="Util: Email Validator should not validate email with wrong character" name="Util: Email Validator should not validate email with wrong character" time="0.007">
    </testcase>
  </testsuite>
  <testsuite name="Form: Profile" tests="3" errors="0" failures="0" skipped="0" timestamp="2017-10-07T17:23:07" time="0.487">
    <testcase classname="Form: Profile should initialize the form controls" name="Form: Profile should initialize the form controls" time="0.024">
    </testcase>
    <testcase classname="Form: Profile should init the form options" name="Form: Profile should init the form options" time="0.004">
    </testcase>
    <testcase classname="Form: Profile should init validation errors" name="Form: Profile should init validation errors" time="0.002">
    </testcase>
  </testsuite>
  <testsuite name="Component: Loader" tests="2" errors="0" failures="0" skipped="0" timestamp="2017-10-07T17:23:08" time="0.497">
    <testcase classname="Component: Loader should hide the spinner by default" name="Component: Loader should hide the spinner by default" time="0.111">
    </testcase>
    <testcase classname="Component: Loader should show the spinner" name="Component: Loader should show the spinner" time="0.108">
    </testcase>
  </testsuite>
  <testsuite name="Service: NavigationService" tests="4" errors="0" failures="0" skipped="0" timestamp="2017-10-07T17:23:08" time="0.288">
    <testcase classname="Service: NavigationService all method should be defined" name="Service: NavigationService all method should be defined" time="0.005">
    </testcase>
    <testcase classname="Service: NavigationService navigation getMenu methods should return nav element array" name="Service: NavigationService navigation getMenu methods should return nav element array" time="0.005">
    </testcase>
    <testcase classname="Service: NavigationService navigation getMenu methods should contain phone information" name="Service: NavigationService navigation getMenu methods should contain phone information" time="0.002">
    </testcase>
    <testcase classname="Service: NavigationService navigation getMenu methods should not contain link to Dashboard" name="Service: NavigationService navigation getMenu methods should not contain link to Dashboard" time="0.005">
    </testcase>
  </testsuite>
  <testsuite name="Component: AppPromoBlockComponent" tests="1" errors="0" failures="0" skipped="0" timestamp="2017-10-07T17:23:08" time="0.461">
    <testcase classname="Component: AppPromoBlockComponent should initialize template links" name="Component: AppPromoBlockComponent should initialize template links" time="0.201">
    </testcase>
  </testsuite>
  <testsuite name="AddressForm" tests="1" errors="0" failures="0" skipped="0" timestamp="2017-10-07T17:23:08" time="0.334">
    <testcase classname="AddressForm should create a new form" name="AddressForm should create a new form" time="0.033">
    </testcase>
  </testsuite>
  <testsuite name="Form: Iban" tests="3" errors="0" failures="0" skipped="0" timestamp="2017-10-07T17:23:08" time="0.318">
    <testcase classname="Form: Iban should initialize the form controls" name="Form: Iban should initialize the form controls" time="0.007">
    </testcase>
    <testcase classname="Form: Iban should init the form options" name="Form: Iban should init the form options" time="0.003">
    </testcase>
    <testcase classname="Form: Iban should init validation errors" name="Form: Iban should init validation errors" time="0.002">
    </testcase>
  </testsuite>
  <testsuite name="Component: AvatarComponent" tests="1" errors="0" failures="1" skipped="0" timestamp="2017-10-07T17:23:08" time="0.598">
    <testcase classname="Component: AvatarComponent should show the avatar" name="Component: AvatarComponent should show the avatar" time="0.268">
      <failure>Error: Failed: SyntaxError
    at stackFormatter (/home/thomas/Documents/projects/knab-james-frontend/node_modules/jest-jasmine2/build/expectation_result_factory.js:51:427)
    at expectationResultFactory (/home/thomas/Documents/projects/knab-james-frontend/node_modules/jest-jasmine2/build/expectation_result_factory.js:51:591)
    at Spec.Object.&lt;anonymous&gt;.Spec.addExpectationResult (/home/thomas/Documents/projects/knab-james-frontend/node_modules/jest-jasmine2/build/jasmine/Spec.js:74:70)
    at Env.fail (/home/thomas/Documents/projects/knab-james-frontend/node_modules/jest-jasmine2/build/jasmine/Env.js:511:25)
    at Function.next.fail (/home/thomas/Documents/projects/knab-james-frontend/node_modules/jest-jasmine2/build/queue_runner.js:43:22)
    at /home/thomas/Documents/projects/knab-james-frontend/node_modules/@angular/core/bundles/core-testing.umd.js:85:26
    at /home/thomas/Documents/projects/knab-james-frontend/node_modules/@angular/core/bundles/core-testing.umd.js:136:17
    at ZoneDelegate.Object.&lt;anonymous&gt;.ZoneDelegate.invoke (/home/thomas/Documents/projects/knab-james-frontend/node_modules/zone.js/dist/zone-node.js:392:26)
    at AsyncTestZoneSpec.Object.&lt;anonymous&gt;.AsyncTestZoneSpec.onInvoke (/home/thomas/Documents/projects/knab-james-frontend/node_modules/zone.js/dist/async-test.js:49:39)
    at ProxyZoneSpec.Object.&lt;anonymous&gt;.ProxyZoneSpec.onInvoke (/home/thomas/Documents/projects/knab-james-frontend/node_modules/zone.js/dist/proxy.js:76:39)
    at ZoneDelegate.Object.&lt;anonymous&gt;.ZoneDelegate.invoke (/home/thomas/Documents/projects/knab-james-frontend/node_modules/zone.js/dist/zone-node.js:391:32)
    at Zone.Object.&lt;anonymous&gt;.Zone.run (/home/thomas/Documents/projects/knab-james-frontend/node_modules/zone.js/dist/zone-node.js:142:43)
    at AsyncTestZoneSpec._failCallback (/home/thomas/Documents/projects/knab-james-frontend/packages/core/testing/src/async.ts:111:15)
    at AsyncTestZoneSpec.Object.&lt;anonymous&gt;.AsyncTestZoneSpec.onHandleError (/home/thomas/Documents/projects/knab-james-frontend/node_modules/zone.js/dist/async-test.js:59:18)
    at ProxyZoneSpec.Object.&lt;anonymous&gt;.ProxyZoneSpec.onHandleError (/home/thomas/Documents/projects/knab-james-frontend/node_modules/zone.js/dist/proxy.js:84:39)
    at ZoneDelegate.Object.&lt;anonymous&gt;.ZoneDelegate.handleError (/home/thomas/Documents/projects/knab-james-frontend/node_modules/zone.js/dist/zone-node.js:396:37)
    at Zone.Object.&lt;anonymous&gt;.Zone.runGuarded (/home/thomas/Documents/projects/knab-james-frontend/node_modules/zone.js/dist/zone-node.js:158:44)
    at runInTestZone (/home/thomas/Documents/projects/knab-james-frontend/node_modules/@angular/core/bundles/core-testing.umd.js:141:25)
    at /home/thomas/Documents/projects/knab-james-frontend/node_modules/@angular/core/bundles/core-testing.umd.js:80:13
    at ZoneDelegate.Object.&lt;anonymous&gt;.ZoneDelegate.invoke (/home/thomas/Documents/projects/knab-james-frontend/node_modules/zone.js/dist/zone-node.js:392:26)
    at ProxyZoneSpec.Object.&lt;anonymous&gt;.ProxyZoneSpec.onInvoke (/home/thomas/Documents/projects/knab-james-frontend/node_modules/zone.js/dist/proxy.js:79:39)
    at ZoneDelegate.Object.&lt;anonymous&gt;.ZoneDelegate.invoke (/home/thomas/Documents/projects/knab-james-frontend/node_modules/zone.js/dist/zone-node.js:391:32)
    at Zone.Object.&lt;anonymous&gt;.Zone.run (/home/thomas/Documents/projects/knab-james-frontend/node_modules/zone.js/dist/zone-node.js:142:43)
    at Object.testBody.length.done (/home/thomas/Documents/projects/knab-james-frontend/node_modules/jest-zone-patch/index.js:48:29)
    at resolve (/home/thomas/Documents/projects/knab-james-frontend/node_modules/jest-jasmine2/build/queue_runner.js:47:12)
    at new ZoneAwarePromise (/home/thomas/Documents/projects/knab-james-frontend/node_modules/zone.js/dist/zone-node.js:861:29)
    at mapper (/home/thomas/Documents/projects/knab-james-frontend/node_modules/jest-jasmine2/build/queue_runner.js:36:499)
    at promise.then (/home/thomas/Documents/projects/knab-james-frontend/node_modules/jest-jasmine2/build/queue_runner.js:75:39)
    at ZoneDelegate.Object.&lt;anonymous&gt;.ZoneDelegate.invoke (/home/thomas/Documents/projects/knab-james-frontend/node_modules/zone.js/dist/zone-node.js:392:26)
    at Zone.Object.&lt;anonymous&gt;.Zone.run (/home/thomas/Documents/projects/knab-james-frontend/node_modules/zone.js/dist/zone-node.js:142:43)
    at /home/thomas/Documents/projects/knab-james-frontend/node_modules/zone.js/dist/zone-node.js:844:57
    at ZoneDelegate.Object.&lt;anonymous&gt;.ZoneDelegate.invokeTask (/home/thomas/Documents/projects/knab-james-frontend/node_modules/zone.js/dist/zone-node.js:425:31)
    at Zone.Object.&lt;anonymous&gt;.Zone.runTask (/home/thomas/Documents/projects/knab-james-frontend/node_modules/zone.js/dist/zone-node.js:192:47)
    at drainMicroTaskQueue (/home/thomas/Documents/projects/knab-james-frontend/node_modules/zone.js/dist/zone-node.js:602:35)
    at process._tickCallback (internal/process/next_tick.js:109:7)</failure>
      <failure>SyntaxError
    at XMLHttpRequest.open (/home/thomas/Documents/projects/knab-james-frontend/node_modules/jsdom/lib/jsdom/living/xmlhttprequest.js:486:15)
    at ResourceLoaderImpl.Object.&lt;anonymous&gt;.ResourceLoaderImpl.get (/home/thomas/Documents/projects/knab-james-frontend/node_modules/@angular/platform-browser-dynamic/bundles/platform-browser-dynamic.umd.js:63:13)
    at DirectiveNormalizer.Object.&lt;anonymous&gt;.DirectiveNormalizer._fetch (/home/thomas/Documents/projects/knab-james-frontend/node_modules/@angular/compiler/bundles/compiler.umd.js:14104:43)
    at /home/thomas/Documents/projects/knab-james-frontend/node_modules/@angular/compiler/bundles/compiler.umd.js:14220:68
    at Array.map (native)
    at DirectiveNormalizer.Object.&lt;anonymous&gt;.DirectiveNormalizer._loadMissingExternalStylesheets (/home/thomas/Documents/projects/knab-james-frontend/node_modules/@angular/compiler/bundles/compiler.umd.js:14220:14)
    at DirectiveNormalizer.Object.&lt;anonymous&gt;.DirectiveNormalizer.normalizeExternalStylesheets (/home/thomas/Documents/projects/knab-james-frontend/node_modules/@angular/compiler/bundles/compiler.umd.js:14198:36)
    at /home/thomas/Documents/projects/knab-james-frontend/node_modules/@angular/compiler/bundles/compiler.umd.js:14131:105
    at Object.then (/home/thomas/Documents/projects/knab-james-frontend/node_modules/@angular/compiler/bundles/compiler.umd.js:1714:92)
    at DirectiveNormalizer.Object.&lt;anonymous&gt;.DirectiveNormalizer.normalizeTemplate (/home/thomas/Documents/projects/knab-james-frontend/node_modules/@angular/compiler/bundles/compiler.umd.js:14131:26)</failure>
      <failure>TypeError: Cannot read property &apos;getElementsByTagName&apos; of undefined
    at /home/thomas/Documents/projects/knab-james-frontend/src/app/components/knx-avatar/avatar.component.spec.ts:31:14
    at ZoneDelegate.Object.&lt;anonymous&gt;.ZoneDelegate.invoke (/home/thomas/Documents/projects/knab-james-frontend/node_modules/zone.js/dist/zone-node.js:392:26)
    at ProxyZoneSpec.Object.&lt;anonymous&gt;.ProxyZoneSpec.onInvoke (/home/thomas/Documents/projects/knab-james-frontend/node_modules/zone.js/dist/proxy.js:79:39)
    at ZoneDelegate.Object.&lt;anonymous&gt;.ZoneDelegate.invoke (/home/thomas/Documents/projects/knab-james-frontend/node_modules/zone.js/dist/zone-node.js:391:32)
    at Zone.Object.&lt;anonymous&gt;.Zone.run (/home/thomas/Documents/projects/knab-james-frontend/node_modules/zone.js/dist/zone-node.js:142:43)
    at Object.testBody.length (/home/thomas/Documents/projects/knab-james-frontend/node_modules/jest-zone-patch/index.js:47:27)
    at Object.asyncFn (/home/thomas/Documents/projects/knab-james-frontend/node_modules/jest-jasmine2/build/jasmine_async.js:126:345)
    at resolve (/home/thomas/Documents/projects/knab-james-frontend/node_modules/jest-jasmine2/build/queue_runner.js:47:12)
    at new ZoneAwarePromise (/home/thomas/Documents/projects/knab-james-frontend/node_modules/zone.js/dist/zone-node.js:861:29)
    at mapper (/home/thomas/Documents/projects/knab-james-frontend/node_modules/jest-jasmine2/build/queue_runner.js:36:499)
    at promise.then (/home/thomas/Documents/projects/knab-james-frontend/node_modules/jest-jasmine2/build/queue_runner.js:75:39)
    at ZoneDelegate.Object.&lt;anonymous&gt;.ZoneDelegate.invoke (/home/thomas/Documents/projects/knab-james-frontend/node_modules/zone.js/dist/zone-node.js:392:26)
    at Zone.Object.&lt;anonymous&gt;.Zone.run (/home/thomas/Documents/projects/knab-james-frontend/node_modules/zone.js/dist/zone-node.js:142:43)
    at /home/thomas/Documents/projects/knab-james-frontend/node_modules/zone.js/dist/zone-node.js:844:57
    at ZoneDelegate.Object.&lt;anonymous&gt;.ZoneDelegate.invokeTask (/home/thomas/Documents/projects/knab-james-frontend/node_modules/zone.js/dist/zone-node.js:425:31)
    at Zone.Object.&lt;anonymous&gt;.Zone.runTask (/home/thomas/Documents/projects/knab-james-frontend/node_modules/zone.js/dist/zone-node.js:192:47)
    at drainMicroTaskQueue (/home/thomas/Documents/projects/knab-james-frontend/node_modules/zone.js/dist/zone-node.js:602:35)
    at process._tickCallback (internal/process/next_tick.js:109:7)</failure>
    </testcase>
  </testsuite>
  <testsuite name="Mask: Licenseplate" tests="4" errors="0" failures="0" skipped="0" timestamp="2017-10-07T17:23:09" time="0.309">
    <testcase classname="Mask: Licenseplate should have a mask of 8 characters" name="Mask: Licenseplate should have a mask of 8 characters" time="0.008">
    </testcase>
    <testcase classname="Mask: Licenseplate should provide a decode function" name="Mask: Licenseplate should provide a decode function" time="0.005">
    </testcase>
    <testcase classname="Mask: Licenseplate should provide a pipe function" name="Mask: Licenseplate should provide a pipe function" time="0.003">
    </testcase>
    <testcase classname="Mask: Licenseplate should not have a guide" name="Mask: Licenseplate should not have a guide" time="0.002">
    </testcase>
  </testsuite>
  <testsuite name="Insurance reducer" tests="1" errors="0" failures="0" skipped="0" timestamp="2017-10-07T17:23:09" time="0.224">
    <testcase classname="Insurance reducer undefined action should handle initial state" name="Insurance reducer undefined action should handle initial state" time="0.003">
    </testcase>
  </testsuite>
  <testsuite name="Service: LoggingService" tests="2" errors="0" failures="0" skipped="1" timestamp="2017-10-07T17:23:09" time="0.206">
    <testcase classname="Service: LoggingService all method should be defined" name="Service: LoggingService all method should be defined" time="0.005">
    </testcase>
    <testcase classname="Service: LoggingService log should do a log request" name="Service: LoggingService log should do a log request" time="0">
      <skipped/>
    </testcase>
  </testsuite>
  <testsuite name="Service: LoaderService (isolated test)" tests="1" errors="0" failures="0" skipped="0" timestamp="2017-10-07T17:23:09" time="0.232">
    <testcase classname="Service: LoaderService (isolated test) loaderState should return observable value" name="Service: LoaderService (isolated test) loaderState should return observable value" time="0.004">
    </testcase>
  </testsuite>
  <testsuite name="Boolean Pipe" tests="2" errors="0" failures="0" skipped="0" timestamp="2017-10-07T17:23:09" time="0.247">
    <testcase classname="Boolean Pipe should change true to string" name="Boolean Pipe should change true to string" time="0.004">
    </testcase>
    <testcase classname="Boolean Pipe should change false to string" name="Boolean Pipe should change false to string" time="0.001">
    </testcase>
  </testsuite>
  <testsuite name="License Plate Pipe" tests="1" errors="0" failures="0" skipped="0" timestamp="2017-10-07T17:23:09" time="1.08">
    <testcase classname="License Plate Pipe should transform license plate" name="License Plate Pipe should transform license plate" time="0.005">
    </testcase>
  </testsuite>
  <testsuite name="Round Number Pipe" tests="1" errors="0" failures="0" skipped="0" timestamp="2017-10-07T17:23:09" time="1.161">
    <testcase classname="Round Number Pipe should round number" name="Round Number Pipe should round number" time="0.006">
    </testcase>
  </testsuite>
  <testsuite name="Round Number Pipe" tests="1" errors="0" failures="0" skipped="0" timestamp="2017-10-07T17:23:09" time="1.238">
    <testcase classname="Round Number Pipe should round number" name="Round Number Pipe should round number" time="0.005">
    </testcase>
  </testsuite>
  <testsuite name="Class: BaseForm" tests="1" errors="0" failures="0" skipped="0" timestamp="2017-10-07T17:23:10" time="0.24">
    <testcase classname="Class: BaseForm should initialize correctly" name="Class: BaseForm should initialize correctly" time="0.01">
    </testcase>
  </testsuite>
  <testsuite name="Slider Util" tests="1" errors="0" failures="0" skipped="0" timestamp="2017-10-07T17:23:10" time="0.273">
    <testcase classname="Slider Util should generate a range of values" name="Slider Util should generate a range of values" time="0.005">
    </testcase>
  </testsuite>
</testsuites>